[2025-01-12T18:10:01.700+0000] {taskinstance.py:1171} INFO - Dependencies all met for <TaskInstance: coin_scrapper2.echo_path scheduled__2025-01-12T18:05:00+00:00 [queued]>
[2025-01-12T18:10:01.704+0000] {taskinstance.py:1171} INFO - Dependencies all met for <TaskInstance: coin_scrapper2.echo_path scheduled__2025-01-12T18:05:00+00:00 [queued]>
[2025-01-12T18:10:01.704+0000] {taskinstance.py:1368} INFO - 
--------------------------------------------------------------------------------
[2025-01-12T18:10:01.704+0000] {taskinstance.py:1369} INFO - Starting attempt 1 of 2
[2025-01-12T18:10:01.705+0000] {taskinstance.py:1370} INFO - 
--------------------------------------------------------------------------------
[2025-01-12T18:10:01.710+0000] {taskinstance.py:1389} INFO - Executing <Task(BashOperator): echo_path> on 2025-01-12 18:05:00+00:00
[2025-01-12T18:10:01.713+0000] {standard_task_runner.py:52} INFO - Started process 693 to run task
[2025-01-12T18:10:01.715+0000] {standard_task_runner.py:79} INFO - Running: ['***', 'tasks', 'run', 'coin_scrapper2', 'echo_path', 'scheduled__2025-01-12T18:05:00+00:00', '--job-id', '24', '--raw', '--subdir', 'DAGS_FOLDER/AirflowCrypto2.py', '--cfg-path', '/tmp/tmpy_p3btgv', '--error-file', '/tmp/tmpxbmn_zvl']
[2025-01-12T18:10:01.717+0000] {standard_task_runner.py:80} INFO - Job 24: Subtask echo_path
[2025-01-12T18:10:01.761+0000] {task_command.py:371} INFO - Running <TaskInstance: coin_scrapper2.echo_path scheduled__2025-01-12T18:05:00+00:00 [running]> on host a71d0af9bc73
[2025-01-12T18:10:01.800+0000] {taskinstance.py:1583} INFO - Exporting the following env vars:
AIRFLOW_CTX_DAG_OWNER=terry
AIRFLOW_CTX_DAG_ID=coin_scrapper2
AIRFLOW_CTX_TASK_ID=echo_path
AIRFLOW_CTX_EXECUTION_DATE=2025-01-12T18:05:00+00:00
AIRFLOW_CTX_TRY_NUMBER=1
AIRFLOW_CTX_DAG_RUN_ID=scheduled__2025-01-12T18:05:00+00:00
[2025-01-12T18:10:01.801+0000] {subprocess.py:62} INFO - Tmp dir root location: 
 /tmp
[2025-01-12T18:10:01.801+0000] {subprocess.py:74} INFO - Running command: ['/bin/bash', '-c', 'echo $PATH']
[2025-01-12T18:10:01.809+0000] {subprocess.py:85} INFO - Output:
[2025-01-12T18:10:01.810+0000] {subprocess.py:92} INFO - /usr/lib/jvm/java-11-openjdk-amd64/bin:/root/bin:/home/***/.local/bin:/usr/local/bin:/usr/local/sbin:/usr/local/bin:/usr/sbin:/usr/bin:/sbin:/bin
[2025-01-12T18:10:01.811+0000] {subprocess.py:96} INFO - Command exited with return code 0
[2025-01-12T18:10:01.827+0000] {taskinstance.py:1412} INFO - Marking task as SUCCESS. dag_id=coin_scrapper2, task_id=echo_path, execution_date=20250112T180500, start_date=20250112T181001, end_date=20250112T181001
[2025-01-12T18:10:01.854+0000] {local_task_job.py:156} INFO - Task exited with return code 0
[2025-01-12T18:10:01.871+0000] {local_task_job.py:279} INFO - 0 downstream tasks scheduled from follow-on schedule check
