[2025-01-12T18:02:14.519+0000] {taskinstance.py:1171} INFO - Dependencies all met for <TaskInstance: coin_scrapper2.echo_path scheduled__2025-01-12T17:55:00+00:00 [queued]>
[2025-01-12T18:02:14.528+0000] {taskinstance.py:1171} INFO - Dependencies all met for <TaskInstance: coin_scrapper2.echo_path scheduled__2025-01-12T17:55:00+00:00 [queued]>
[2025-01-12T18:02:14.528+0000] {taskinstance.py:1368} INFO - 
--------------------------------------------------------------------------------
[2025-01-12T18:02:14.528+0000] {taskinstance.py:1369} INFO - Starting attempt 1 of 2
[2025-01-12T18:02:14.528+0000] {taskinstance.py:1370} INFO - 
--------------------------------------------------------------------------------
[2025-01-12T18:02:14.538+0000] {taskinstance.py:1389} INFO - Executing <Task(BashOperator): echo_path> on 2025-01-12 17:55:00+00:00
[2025-01-12T18:02:14.543+0000] {standard_task_runner.py:52} INFO - Started process 531 to run task
[2025-01-12T18:02:14.548+0000] {standard_task_runner.py:79} INFO - Running: ['***', 'tasks', 'run', 'coin_scrapper2', 'echo_path', 'scheduled__2025-01-12T17:55:00+00:00', '--job-id', '20', '--raw', '--subdir', 'DAGS_FOLDER/AirflowCrypto2.py', '--cfg-path', '/tmp/tmpzq8_sntz', '--error-file', '/tmp/tmp6qg3o421']
[2025-01-12T18:02:14.549+0000] {standard_task_runner.py:80} INFO - Job 20: Subtask echo_path
[2025-01-12T18:02:14.604+0000] {task_command.py:371} INFO - Running <TaskInstance: coin_scrapper2.echo_path scheduled__2025-01-12T17:55:00+00:00 [running]> on host a71d0af9bc73
[2025-01-12T18:02:14.647+0000] {taskinstance.py:1583} INFO - Exporting the following env vars:
AIRFLOW_CTX_DAG_OWNER=terry
AIRFLOW_CTX_DAG_ID=coin_scrapper2
AIRFLOW_CTX_TASK_ID=echo_path
AIRFLOW_CTX_EXECUTION_DATE=2025-01-12T17:55:00+00:00
AIRFLOW_CTX_TRY_NUMBER=1
AIRFLOW_CTX_DAG_RUN_ID=scheduled__2025-01-12T17:55:00+00:00
[2025-01-12T18:02:14.648+0000] {subprocess.py:62} INFO - Tmp dir root location: 
 /tmp
[2025-01-12T18:02:14.649+0000] {subprocess.py:74} INFO - Running command: ['/bin/bash', '-c', 'echo $PATH']
[2025-01-12T18:02:14.654+0000] {subprocess.py:85} INFO - Output:
[2025-01-12T18:02:14.657+0000] {subprocess.py:92} INFO - /usr/lib/jvm/java-11-openjdk-amd64/bin:/root/bin:/home/***/.local/bin:/usr/local/bin:/usr/local/sbin:/usr/local/bin:/usr/sbin:/usr/bin:/sbin:/bin
[2025-01-12T18:02:14.658+0000] {subprocess.py:96} INFO - Command exited with return code 0
[2025-01-12T18:02:14.674+0000] {taskinstance.py:1412} INFO - Marking task as SUCCESS. dag_id=coin_scrapper2, task_id=echo_path, execution_date=20250112T175500, start_date=20250112T180214, end_date=20250112T180214
[2025-01-12T18:02:14.687+0000] {local_task_job.py:156} INFO - Task exited with return code 0
[2025-01-12T18:02:14.717+0000] {local_task_job.py:279} INFO - 0 downstream tasks scheduled from follow-on schedule check
