[2025-01-12T17:29:54.185+0000] {processor.py:153} INFO - Started process (PID=189) to work on /opt/airflow/dags/extract2.py
[2025-01-12T17:29:54.186+0000] {processor.py:640} INFO - Processing file /opt/airflow/dags/extract2.py for tasks to queue
[2025-01-12T17:29:54.190+0000] {logging_mixin.py:115} INFO - [2025-01-12T17:29:54.190+0000] {dagbag.py:508} INFO - Filling up the DagBag from /opt/airflow/dags/extract2.py
[2025-01-12T17:29:54.314+0000] {processor.py:652} WARNING - No viable dags retrieved from /opt/airflow/dags/extract2.py
[2025-01-12T17:29:54.349+0000] {processor.py:161} INFO - Processing /opt/airflow/dags/extract2.py took 0.169 seconds
[2025-01-12T17:30:24.650+0000] {processor.py:153} INFO - Started process (PID=236) to work on /opt/airflow/dags/extract2.py
[2025-01-12T17:30:24.651+0000] {processor.py:640} INFO - Processing file /opt/airflow/dags/extract2.py for tasks to queue
[2025-01-12T17:30:24.652+0000] {logging_mixin.py:115} INFO - [2025-01-12T17:30:24.652+0000] {dagbag.py:508} INFO - Filling up the DagBag from /opt/airflow/dags/extract2.py
[2025-01-12T17:30:24.873+0000] {processor.py:652} WARNING - No viable dags retrieved from /opt/airflow/dags/extract2.py
[2025-01-12T17:30:24.936+0000] {processor.py:161} INFO - Processing /opt/airflow/dags/extract2.py took 0.294 seconds
[2025-01-12T17:30:55.118+0000] {processor.py:153} INFO - Started process (PID=250) to work on /opt/airflow/dags/extract2.py
[2025-01-12T17:30:55.119+0000] {processor.py:640} INFO - Processing file /opt/airflow/dags/extract2.py for tasks to queue
[2025-01-12T17:30:55.119+0000] {logging_mixin.py:115} INFO - [2025-01-12T17:30:55.119+0000] {dagbag.py:508} INFO - Filling up the DagBag from /opt/airflow/dags/extract2.py
[2025-01-12T17:30:55.170+0000] {processor.py:652} WARNING - No viable dags retrieved from /opt/airflow/dags/extract2.py
[2025-01-12T17:30:55.181+0000] {processor.py:161} INFO - Processing /opt/airflow/dags/extract2.py took 0.065 seconds
[2025-01-12T17:31:25.429+0000] {processor.py:153} INFO - Started process (PID=257) to work on /opt/airflow/dags/extract2.py
[2025-01-12T17:31:25.431+0000] {processor.py:640} INFO - Processing file /opt/airflow/dags/extract2.py for tasks to queue
[2025-01-12T17:31:25.431+0000] {logging_mixin.py:115} INFO - [2025-01-12T17:31:25.431+0000] {dagbag.py:508} INFO - Filling up the DagBag from /opt/airflow/dags/extract2.py
[2025-01-12T17:31:25.574+0000] {processor.py:652} WARNING - No viable dags retrieved from /opt/airflow/dags/extract2.py
[2025-01-12T17:31:25.588+0000] {processor.py:161} INFO - Processing /opt/airflow/dags/extract2.py took 0.165 seconds
[2025-01-12T17:31:55.934+0000] {processor.py:153} INFO - Started process (PID=268) to work on /opt/airflow/dags/extract2.py
[2025-01-12T17:31:55.935+0000] {processor.py:640} INFO - Processing file /opt/airflow/dags/extract2.py for tasks to queue
[2025-01-12T17:31:55.936+0000] {logging_mixin.py:115} INFO - [2025-01-12T17:31:55.936+0000] {dagbag.py:508} INFO - Filling up the DagBag from /opt/airflow/dags/extract2.py
[2025-01-12T17:31:56.038+0000] {processor.py:652} WARNING - No viable dags retrieved from /opt/airflow/dags/extract2.py
[2025-01-12T17:31:56.074+0000] {processor.py:161} INFO - Processing /opt/airflow/dags/extract2.py took 0.146 seconds
[2025-01-12T17:32:26.503+0000] {processor.py:153} INFO - Started process (PID=276) to work on /opt/airflow/dags/extract2.py
[2025-01-12T17:32:26.504+0000] {processor.py:640} INFO - Processing file /opt/airflow/dags/extract2.py for tasks to queue
[2025-01-12T17:32:26.505+0000] {logging_mixin.py:115} INFO - [2025-01-12T17:32:26.505+0000] {dagbag.py:508} INFO - Filling up the DagBag from /opt/airflow/dags/extract2.py
[2025-01-12T17:32:26.583+0000] {processor.py:652} WARNING - No viable dags retrieved from /opt/airflow/dags/extract2.py
[2025-01-12T17:32:26.598+0000] {processor.py:161} INFO - Processing /opt/airflow/dags/extract2.py took 0.105 seconds
[2025-01-12T17:36:44.436+0000] {processor.py:153} INFO - Started process (PID=196) to work on /opt/airflow/dags/extract2.py
[2025-01-12T17:36:44.439+0000] {processor.py:640} INFO - Processing file /opt/airflow/dags/extract2.py for tasks to queue
[2025-01-12T17:36:44.440+0000] {logging_mixin.py:115} INFO - [2025-01-12T17:36:44.440+0000] {dagbag.py:508} INFO - Filling up the DagBag from /opt/airflow/dags/extract2.py
[2025-01-12T17:36:44.604+0000] {processor.py:652} WARNING - No viable dags retrieved from /opt/airflow/dags/extract2.py
[2025-01-12T17:36:44.626+0000] {processor.py:161} INFO - Processing /opt/airflow/dags/extract2.py took 0.204 seconds
[2025-01-12T17:37:14.969+0000] {processor.py:153} INFO - Started process (PID=206) to work on /opt/airflow/dags/extract2.py
[2025-01-12T17:37:14.971+0000] {processor.py:640} INFO - Processing file /opt/airflow/dags/extract2.py for tasks to queue
[2025-01-12T17:37:14.971+0000] {logging_mixin.py:115} INFO - [2025-01-12T17:37:14.971+0000] {dagbag.py:508} INFO - Filling up the DagBag from /opt/airflow/dags/extract2.py
[2025-01-12T17:37:15.152+0000] {processor.py:652} WARNING - No viable dags retrieved from /opt/airflow/dags/extract2.py
[2025-01-12T17:37:15.192+0000] {processor.py:161} INFO - Processing /opt/airflow/dags/extract2.py took 0.246 seconds
[2025-01-12T17:37:45.608+0000] {processor.py:153} INFO - Started process (PID=239) to work on /opt/airflow/dags/extract2.py
[2025-01-12T17:37:45.609+0000] {processor.py:640} INFO - Processing file /opt/airflow/dags/extract2.py for tasks to queue
[2025-01-12T17:37:45.611+0000] {logging_mixin.py:115} INFO - [2025-01-12T17:37:45.611+0000] {dagbag.py:508} INFO - Filling up the DagBag from /opt/airflow/dags/extract2.py
[2025-01-12T17:37:45.753+0000] {processor.py:652} WARNING - No viable dags retrieved from /opt/airflow/dags/extract2.py
[2025-01-12T17:37:45.774+0000] {processor.py:161} INFO - Processing /opt/airflow/dags/extract2.py took 0.174 seconds
[2025-01-12T17:38:16.073+0000] {processor.py:153} INFO - Started process (PID=250) to work on /opt/airflow/dags/extract2.py
[2025-01-12T17:38:16.076+0000] {processor.py:640} INFO - Processing file /opt/airflow/dags/extract2.py for tasks to queue
[2025-01-12T17:38:16.078+0000] {logging_mixin.py:115} INFO - [2025-01-12T17:38:16.078+0000] {dagbag.py:508} INFO - Filling up the DagBag from /opt/airflow/dags/extract2.py
[2025-01-12T17:38:16.148+0000] {processor.py:652} WARNING - No viable dags retrieved from /opt/airflow/dags/extract2.py
[2025-01-12T17:38:16.172+0000] {processor.py:161} INFO - Processing /opt/airflow/dags/extract2.py took 0.106 seconds
[2025-01-12T17:38:19.258+0000] {processor.py:153} INFO - Started process (PID=257) to work on /opt/airflow/dags/extract2.py
[2025-01-12T17:38:19.259+0000] {processor.py:640} INFO - Processing file /opt/airflow/dags/extract2.py for tasks to queue
[2025-01-12T17:38:19.260+0000] {logging_mixin.py:115} INFO - [2025-01-12T17:38:19.260+0000] {dagbag.py:508} INFO - Filling up the DagBag from /opt/airflow/dags/extract2.py
[2025-01-12T17:38:19.318+0000] {processor.py:652} WARNING - No viable dags retrieved from /opt/airflow/dags/extract2.py
[2025-01-12T17:38:19.333+0000] {processor.py:161} INFO - Processing /opt/airflow/dags/extract2.py took 0.082 seconds
[2025-01-12T17:38:49.530+0000] {processor.py:153} INFO - Started process (PID=289) to work on /opt/airflow/dags/extract2.py
[2025-01-12T17:38:49.531+0000] {processor.py:640} INFO - Processing file /opt/airflow/dags/extract2.py for tasks to queue
[2025-01-12T17:38:49.532+0000] {logging_mixin.py:115} INFO - [2025-01-12T17:38:49.532+0000] {dagbag.py:508} INFO - Filling up the DagBag from /opt/airflow/dags/extract2.py
[2025-01-12T17:38:49.580+0000] {processor.py:652} WARNING - No viable dags retrieved from /opt/airflow/dags/extract2.py
[2025-01-12T17:38:49.592+0000] {processor.py:161} INFO - Processing /opt/airflow/dags/extract2.py took 0.066 seconds
[2025-01-12T17:39:19.953+0000] {processor.py:153} INFO - Started process (PID=299) to work on /opt/airflow/dags/extract2.py
[2025-01-12T17:39:19.954+0000] {processor.py:640} INFO - Processing file /opt/airflow/dags/extract2.py for tasks to queue
[2025-01-12T17:39:19.954+0000] {logging_mixin.py:115} INFO - [2025-01-12T17:39:19.954+0000] {dagbag.py:508} INFO - Filling up the DagBag from /opt/airflow/dags/extract2.py
[2025-01-12T17:39:20.013+0000] {processor.py:652} WARNING - No viable dags retrieved from /opt/airflow/dags/extract2.py
[2025-01-12T17:39:20.024+0000] {processor.py:161} INFO - Processing /opt/airflow/dags/extract2.py took 0.074 seconds
[2025-01-12T17:39:50.441+0000] {processor.py:153} INFO - Started process (PID=309) to work on /opt/airflow/dags/extract2.py
[2025-01-12T17:39:50.450+0000] {processor.py:640} INFO - Processing file /opt/airflow/dags/extract2.py for tasks to queue
[2025-01-12T17:39:50.451+0000] {logging_mixin.py:115} INFO - [2025-01-12T17:39:50.451+0000] {dagbag.py:508} INFO - Filling up the DagBag from /opt/airflow/dags/extract2.py
[2025-01-12T17:39:50.523+0000] {processor.py:652} WARNING - No viable dags retrieved from /opt/airflow/dags/extract2.py
[2025-01-12T17:39:50.562+0000] {processor.py:161} INFO - Processing /opt/airflow/dags/extract2.py took 0.148 seconds
[2025-01-12T17:40:20.809+0000] {processor.py:153} INFO - Started process (PID=351) to work on /opt/airflow/dags/extract2.py
[2025-01-12T17:40:20.811+0000] {processor.py:640} INFO - Processing file /opt/airflow/dags/extract2.py for tasks to queue
[2025-01-12T17:40:20.812+0000] {logging_mixin.py:115} INFO - [2025-01-12T17:40:20.812+0000] {dagbag.py:508} INFO - Filling up the DagBag from /opt/airflow/dags/extract2.py
[2025-01-12T17:40:20.864+0000] {processor.py:652} WARNING - No viable dags retrieved from /opt/airflow/dags/extract2.py
[2025-01-12T17:40:20.873+0000] {processor.py:161} INFO - Processing /opt/airflow/dags/extract2.py took 0.078 seconds
[2025-01-12T17:40:51.107+0000] {processor.py:153} INFO - Started process (PID=373) to work on /opt/airflow/dags/extract2.py
[2025-01-12T17:40:51.109+0000] {processor.py:640} INFO - Processing file /opt/airflow/dags/extract2.py for tasks to queue
[2025-01-12T17:40:51.109+0000] {logging_mixin.py:115} INFO - [2025-01-12T17:40:51.109+0000] {dagbag.py:508} INFO - Filling up the DagBag from /opt/airflow/dags/extract2.py
[2025-01-12T17:40:51.191+0000] {processor.py:652} WARNING - No viable dags retrieved from /opt/airflow/dags/extract2.py
[2025-01-12T17:40:51.207+0000] {processor.py:161} INFO - Processing /opt/airflow/dags/extract2.py took 0.104 seconds
[2025-01-12T17:41:21.471+0000] {processor.py:153} INFO - Started process (PID=404) to work on /opt/airflow/dags/extract2.py
[2025-01-12T17:41:21.472+0000] {processor.py:640} INFO - Processing file /opt/airflow/dags/extract2.py for tasks to queue
[2025-01-12T17:41:21.472+0000] {logging_mixin.py:115} INFO - [2025-01-12T17:41:21.472+0000] {dagbag.py:508} INFO - Filling up the DagBag from /opt/airflow/dags/extract2.py
[2025-01-12T17:41:21.525+0000] {processor.py:652} WARNING - No viable dags retrieved from /opt/airflow/dags/extract2.py
[2025-01-12T17:41:21.534+0000] {processor.py:161} INFO - Processing /opt/airflow/dags/extract2.py took 0.068 seconds
[2025-01-12T17:41:51.797+0000] {processor.py:153} INFO - Started process (PID=414) to work on /opt/airflow/dags/extract2.py
[2025-01-12T17:41:51.799+0000] {processor.py:640} INFO - Processing file /opt/airflow/dags/extract2.py for tasks to queue
[2025-01-12T17:41:51.799+0000] {logging_mixin.py:115} INFO - [2025-01-12T17:41:51.799+0000] {dagbag.py:508} INFO - Filling up the DagBag from /opt/airflow/dags/extract2.py
[2025-01-12T17:41:51.853+0000] {processor.py:652} WARNING - No viable dags retrieved from /opt/airflow/dags/extract2.py
[2025-01-12T17:41:51.866+0000] {processor.py:161} INFO - Processing /opt/airflow/dags/extract2.py took 0.073 seconds
[2025-01-12T17:42:22.163+0000] {processor.py:153} INFO - Started process (PID=424) to work on /opt/airflow/dags/extract2.py
[2025-01-12T17:42:22.165+0000] {processor.py:640} INFO - Processing file /opt/airflow/dags/extract2.py for tasks to queue
[2025-01-12T17:42:22.165+0000] {logging_mixin.py:115} INFO - [2025-01-12T17:42:22.165+0000] {dagbag.py:508} INFO - Filling up the DagBag from /opt/airflow/dags/extract2.py
[2025-01-12T17:42:22.244+0000] {processor.py:652} WARNING - No viable dags retrieved from /opt/airflow/dags/extract2.py
[2025-01-12T17:42:22.260+0000] {processor.py:161} INFO - Processing /opt/airflow/dags/extract2.py took 0.105 seconds
[2025-01-12T17:42:52.738+0000] {processor.py:153} INFO - Started process (PID=434) to work on /opt/airflow/dags/extract2.py
[2025-01-12T17:42:52.739+0000] {processor.py:640} INFO - Processing file /opt/airflow/dags/extract2.py for tasks to queue
[2025-01-12T17:42:52.740+0000] {logging_mixin.py:115} INFO - [2025-01-12T17:42:52.740+0000] {dagbag.py:508} INFO - Filling up the DagBag from /opt/airflow/dags/extract2.py
[2025-01-12T17:42:52.817+0000] {processor.py:652} WARNING - No viable dags retrieved from /opt/airflow/dags/extract2.py
[2025-01-12T17:42:52.836+0000] {processor.py:161} INFO - Processing /opt/airflow/dags/extract2.py took 0.104 seconds
[2025-01-12T17:43:23.108+0000] {processor.py:153} INFO - Started process (PID=444) to work on /opt/airflow/dags/extract2.py
[2025-01-12T17:43:23.109+0000] {processor.py:640} INFO - Processing file /opt/airflow/dags/extract2.py for tasks to queue
[2025-01-12T17:43:23.109+0000] {logging_mixin.py:115} INFO - [2025-01-12T17:43:23.109+0000] {dagbag.py:508} INFO - Filling up the DagBag from /opt/airflow/dags/extract2.py
[2025-01-12T17:43:23.152+0000] {processor.py:652} WARNING - No viable dags retrieved from /opt/airflow/dags/extract2.py
[2025-01-12T17:43:23.163+0000] {processor.py:161} INFO - Processing /opt/airflow/dags/extract2.py took 0.058 seconds
[2025-01-12T17:43:53.373+0000] {processor.py:153} INFO - Started process (PID=476) to work on /opt/airflow/dags/extract2.py
[2025-01-12T17:43:53.374+0000] {processor.py:640} INFO - Processing file /opt/airflow/dags/extract2.py for tasks to queue
[2025-01-12T17:43:53.374+0000] {logging_mixin.py:115} INFO - [2025-01-12T17:43:53.374+0000] {dagbag.py:508} INFO - Filling up the DagBag from /opt/airflow/dags/extract2.py
[2025-01-12T17:43:53.447+0000] {processor.py:652} WARNING - No viable dags retrieved from /opt/airflow/dags/extract2.py
[2025-01-12T17:43:53.461+0000] {processor.py:161} INFO - Processing /opt/airflow/dags/extract2.py took 0.091 seconds
[2025-01-12T17:44:23.739+0000] {processor.py:153} INFO - Started process (PID=486) to work on /opt/airflow/dags/extract2.py
[2025-01-12T17:44:23.741+0000] {processor.py:640} INFO - Processing file /opt/airflow/dags/extract2.py for tasks to queue
[2025-01-12T17:44:23.742+0000] {logging_mixin.py:115} INFO - [2025-01-12T17:44:23.742+0000] {dagbag.py:508} INFO - Filling up the DagBag from /opt/airflow/dags/extract2.py
[2025-01-12T17:44:23.820+0000] {processor.py:652} WARNING - No viable dags retrieved from /opt/airflow/dags/extract2.py
[2025-01-12T17:44:23.840+0000] {processor.py:161} INFO - Processing /opt/airflow/dags/extract2.py took 0.108 seconds
[2025-01-12T17:44:54.008+0000] {processor.py:153} INFO - Started process (PID=496) to work on /opt/airflow/dags/extract2.py
[2025-01-12T17:44:54.009+0000] {processor.py:640} INFO - Processing file /opt/airflow/dags/extract2.py for tasks to queue
[2025-01-12T17:44:54.010+0000] {logging_mixin.py:115} INFO - [2025-01-12T17:44:54.010+0000] {dagbag.py:508} INFO - Filling up the DagBag from /opt/airflow/dags/extract2.py
[2025-01-12T17:44:54.058+0000] {processor.py:652} WARNING - No viable dags retrieved from /opt/airflow/dags/extract2.py
[2025-01-12T17:44:54.069+0000] {processor.py:161} INFO - Processing /opt/airflow/dags/extract2.py took 0.065 seconds
[2025-01-12T17:45:24.396+0000] {processor.py:153} INFO - Started process (PID=550) to work on /opt/airflow/dags/extract2.py
[2025-01-12T17:45:24.398+0000] {processor.py:640} INFO - Processing file /opt/airflow/dags/extract2.py for tasks to queue
[2025-01-12T17:45:24.399+0000] {logging_mixin.py:115} INFO - [2025-01-12T17:45:24.399+0000] {dagbag.py:508} INFO - Filling up the DagBag from /opt/airflow/dags/extract2.py
[2025-01-12T17:45:24.475+0000] {processor.py:652} WARNING - No viable dags retrieved from /opt/airflow/dags/extract2.py
[2025-01-12T17:45:24.497+0000] {processor.py:161} INFO - Processing /opt/airflow/dags/extract2.py took 0.110 seconds
[2025-01-12T17:45:34.581+0000] {processor.py:153} INFO - Started process (PID=555) to work on /opt/airflow/dags/extract2.py
[2025-01-12T17:45:34.583+0000] {processor.py:640} INFO - Processing file /opt/airflow/dags/extract2.py for tasks to queue
[2025-01-12T17:45:34.584+0000] {logging_mixin.py:115} INFO - [2025-01-12T17:45:34.584+0000] {dagbag.py:508} INFO - Filling up the DagBag from /opt/airflow/dags/extract2.py
[2025-01-12T17:45:34.671+0000] {processor.py:652} WARNING - No viable dags retrieved from /opt/airflow/dags/extract2.py
[2025-01-12T17:45:34.687+0000] {processor.py:161} INFO - Processing /opt/airflow/dags/extract2.py took 0.114 seconds
[2025-01-12T17:45:35.593+0000] {processor.py:153} INFO - Started process (PID=560) to work on /opt/airflow/dags/extract2.py
[2025-01-12T17:45:35.594+0000] {processor.py:640} INFO - Processing file /opt/airflow/dags/extract2.py for tasks to queue
[2025-01-12T17:45:35.594+0000] {logging_mixin.py:115} INFO - [2025-01-12T17:45:35.594+0000] {dagbag.py:508} INFO - Filling up the DagBag from /opt/airflow/dags/extract2.py
[2025-01-12T17:45:35.647+0000] {processor.py:652} WARNING - No viable dags retrieved from /opt/airflow/dags/extract2.py
[2025-01-12T17:45:35.658+0000] {processor.py:161} INFO - Processing /opt/airflow/dags/extract2.py took 0.069 seconds
[2025-01-12T17:46:05.981+0000] {processor.py:153} INFO - Started process (PID=592) to work on /opt/airflow/dags/extract2.py
[2025-01-12T17:46:05.983+0000] {processor.py:640} INFO - Processing file /opt/airflow/dags/extract2.py for tasks to queue
[2025-01-12T17:46:05.984+0000] {logging_mixin.py:115} INFO - [2025-01-12T17:46:05.984+0000] {dagbag.py:508} INFO - Filling up the DagBag from /opt/airflow/dags/extract2.py
[2025-01-12T17:46:06.083+0000] {processor.py:652} WARNING - No viable dags retrieved from /opt/airflow/dags/extract2.py
[2025-01-12T17:46:06.111+0000] {processor.py:161} INFO - Processing /opt/airflow/dags/extract2.py took 0.135 seconds
[2025-01-12T17:46:36.471+0000] {processor.py:153} INFO - Started process (PID=602) to work on /opt/airflow/dags/extract2.py
[2025-01-12T17:46:36.472+0000] {processor.py:640} INFO - Processing file /opt/airflow/dags/extract2.py for tasks to queue
[2025-01-12T17:46:36.473+0000] {logging_mixin.py:115} INFO - [2025-01-12T17:46:36.473+0000] {dagbag.py:508} INFO - Filling up the DagBag from /opt/airflow/dags/extract2.py
[2025-01-12T17:46:36.559+0000] {processor.py:652} WARNING - No viable dags retrieved from /opt/airflow/dags/extract2.py
[2025-01-12T17:46:36.575+0000] {processor.py:161} INFO - Processing /opt/airflow/dags/extract2.py took 0.109 seconds
[2025-01-12T17:47:06.792+0000] {processor.py:153} INFO - Started process (PID=612) to work on /opt/airflow/dags/extract2.py
[2025-01-12T17:47:06.795+0000] {processor.py:640} INFO - Processing file /opt/airflow/dags/extract2.py for tasks to queue
[2025-01-12T17:47:06.795+0000] {logging_mixin.py:115} INFO - [2025-01-12T17:47:06.795+0000] {dagbag.py:508} INFO - Filling up the DagBag from /opt/airflow/dags/extract2.py
[2025-01-12T17:47:06.918+0000] {processor.py:652} WARNING - No viable dags retrieved from /opt/airflow/dags/extract2.py
[2025-01-12T17:47:06.940+0000] {processor.py:161} INFO - Processing /opt/airflow/dags/extract2.py took 0.152 seconds
[2025-01-12T17:47:37.228+0000] {processor.py:153} INFO - Started process (PID=622) to work on /opt/airflow/dags/extract2.py
[2025-01-12T17:47:37.229+0000] {processor.py:640} INFO - Processing file /opt/airflow/dags/extract2.py for tasks to queue
[2025-01-12T17:47:37.230+0000] {logging_mixin.py:115} INFO - [2025-01-12T17:47:37.230+0000] {dagbag.py:508} INFO - Filling up the DagBag from /opt/airflow/dags/extract2.py
[2025-01-12T17:47:37.332+0000] {processor.py:652} WARNING - No viable dags retrieved from /opt/airflow/dags/extract2.py
[2025-01-12T17:47:37.349+0000] {processor.py:161} INFO - Processing /opt/airflow/dags/extract2.py took 0.126 seconds
[2025-01-12T17:48:07.641+0000] {processor.py:153} INFO - Started process (PID=632) to work on /opt/airflow/dags/extract2.py
[2025-01-12T17:48:07.642+0000] {processor.py:640} INFO - Processing file /opt/airflow/dags/extract2.py for tasks to queue
[2025-01-12T17:48:07.643+0000] {logging_mixin.py:115} INFO - [2025-01-12T17:48:07.643+0000] {dagbag.py:508} INFO - Filling up the DagBag from /opt/airflow/dags/extract2.py
[2025-01-12T17:48:07.737+0000] {processor.py:652} WARNING - No viable dags retrieved from /opt/airflow/dags/extract2.py
[2025-01-12T17:48:07.754+0000] {processor.py:161} INFO - Processing /opt/airflow/dags/extract2.py took 0.128 seconds
[2025-01-12T17:48:37.964+0000] {processor.py:153} INFO - Started process (PID=642) to work on /opt/airflow/dags/extract2.py
[2025-01-12T17:48:37.965+0000] {processor.py:640} INFO - Processing file /opt/airflow/dags/extract2.py for tasks to queue
[2025-01-12T17:48:37.966+0000] {logging_mixin.py:115} INFO - [2025-01-12T17:48:37.966+0000] {dagbag.py:508} INFO - Filling up the DagBag from /opt/airflow/dags/extract2.py
[2025-01-12T17:48:38.092+0000] {processor.py:652} WARNING - No viable dags retrieved from /opt/airflow/dags/extract2.py
[2025-01-12T17:48:38.110+0000] {processor.py:161} INFO - Processing /opt/airflow/dags/extract2.py took 0.151 seconds
[2025-01-12T17:49:08.296+0000] {processor.py:153} INFO - Started process (PID=652) to work on /opt/airflow/dags/extract2.py
[2025-01-12T17:49:08.297+0000] {processor.py:640} INFO - Processing file /opt/airflow/dags/extract2.py for tasks to queue
[2025-01-12T17:49:08.298+0000] {logging_mixin.py:115} INFO - [2025-01-12T17:49:08.298+0000] {dagbag.py:508} INFO - Filling up the DagBag from /opt/airflow/dags/extract2.py
[2025-01-12T17:49:08.389+0000] {processor.py:652} WARNING - No viable dags retrieved from /opt/airflow/dags/extract2.py
[2025-01-12T17:49:08.406+0000] {processor.py:161} INFO - Processing /opt/airflow/dags/extract2.py took 0.114 seconds
[2025-01-12T17:49:38.693+0000] {processor.py:153} INFO - Started process (PID=662) to work on /opt/airflow/dags/extract2.py
[2025-01-12T17:49:38.696+0000] {processor.py:640} INFO - Processing file /opt/airflow/dags/extract2.py for tasks to queue
[2025-01-12T17:49:38.698+0000] {logging_mixin.py:115} INFO - [2025-01-12T17:49:38.697+0000] {dagbag.py:508} INFO - Filling up the DagBag from /opt/airflow/dags/extract2.py
[2025-01-12T17:49:38.798+0000] {processor.py:652} WARNING - No viable dags retrieved from /opt/airflow/dags/extract2.py
[2025-01-12T17:49:38.829+0000] {processor.py:161} INFO - Processing /opt/airflow/dags/extract2.py took 0.167 seconds
[2025-01-12T17:50:09.047+0000] {processor.py:153} INFO - Started process (PID=716) to work on /opt/airflow/dags/extract2.py
[2025-01-12T17:50:09.051+0000] {processor.py:640} INFO - Processing file /opt/airflow/dags/extract2.py for tasks to queue
[2025-01-12T17:50:09.053+0000] {logging_mixin.py:115} INFO - [2025-01-12T17:50:09.052+0000] {dagbag.py:508} INFO - Filling up the DagBag from /opt/airflow/dags/extract2.py
[2025-01-12T17:50:09.141+0000] {processor.py:652} WARNING - No viable dags retrieved from /opt/airflow/dags/extract2.py
[2025-01-12T17:50:09.154+0000] {processor.py:161} INFO - Processing /opt/airflow/dags/extract2.py took 0.114 seconds
[2025-01-12T17:50:39.523+0000] {processor.py:153} INFO - Started process (PID=726) to work on /opt/airflow/dags/extract2.py
[2025-01-12T17:50:39.526+0000] {processor.py:640} INFO - Processing file /opt/airflow/dags/extract2.py for tasks to queue
[2025-01-12T17:50:39.527+0000] {logging_mixin.py:115} INFO - [2025-01-12T17:50:39.527+0000] {dagbag.py:508} INFO - Filling up the DagBag from /opt/airflow/dags/extract2.py
[2025-01-12T17:50:39.596+0000] {processor.py:652} WARNING - No viable dags retrieved from /opt/airflow/dags/extract2.py
[2025-01-12T17:50:39.615+0000] {processor.py:161} INFO - Processing /opt/airflow/dags/extract2.py took 0.100 seconds
[2025-01-12T17:50:55.832+0000] {processor.py:153} INFO - Started process (PID=753) to work on /opt/airflow/dags/extract2.py
[2025-01-12T17:50:55.834+0000] {processor.py:640} INFO - Processing file /opt/airflow/dags/extract2.py for tasks to queue
[2025-01-12T17:50:55.835+0000] {logging_mixin.py:115} INFO - [2025-01-12T17:50:55.835+0000] {dagbag.py:508} INFO - Filling up the DagBag from /opt/airflow/dags/extract2.py
[2025-01-12T17:50:55.912+0000] {processor.py:652} WARNING - No viable dags retrieved from /opt/airflow/dags/extract2.py
[2025-01-12T17:50:55.922+0000] {processor.py:161} INFO - Processing /opt/airflow/dags/extract2.py took 0.108 seconds
[2025-01-12T17:51:26.193+0000] {processor.py:153} INFO - Started process (PID=763) to work on /opt/airflow/dags/extract2.py
[2025-01-12T17:51:26.196+0000] {processor.py:640} INFO - Processing file /opt/airflow/dags/extract2.py for tasks to queue
[2025-01-12T17:51:26.197+0000] {logging_mixin.py:115} INFO - [2025-01-12T17:51:26.197+0000] {dagbag.py:508} INFO - Filling up the DagBag from /opt/airflow/dags/extract2.py
[2025-01-12T17:51:26.281+0000] {processor.py:652} WARNING - No viable dags retrieved from /opt/airflow/dags/extract2.py
[2025-01-12T17:51:26.290+0000] {processor.py:161} INFO - Processing /opt/airflow/dags/extract2.py took 0.119 seconds
[2025-01-12T17:51:56.466+0000] {processor.py:153} INFO - Started process (PID=773) to work on /opt/airflow/dags/extract2.py
[2025-01-12T17:51:56.467+0000] {processor.py:640} INFO - Processing file /opt/airflow/dags/extract2.py for tasks to queue
[2025-01-12T17:51:56.468+0000] {logging_mixin.py:115} INFO - [2025-01-12T17:51:56.468+0000] {dagbag.py:508} INFO - Filling up the DagBag from /opt/airflow/dags/extract2.py
[2025-01-12T17:51:56.530+0000] {processor.py:652} WARNING - No viable dags retrieved from /opt/airflow/dags/extract2.py
[2025-01-12T17:51:56.544+0000] {processor.py:161} INFO - Processing /opt/airflow/dags/extract2.py took 0.093 seconds
[2025-01-12T17:52:26.843+0000] {processor.py:153} INFO - Started process (PID=783) to work on /opt/airflow/dags/extract2.py
[2025-01-12T17:52:26.844+0000] {processor.py:640} INFO - Processing file /opt/airflow/dags/extract2.py for tasks to queue
[2025-01-12T17:52:26.845+0000] {logging_mixin.py:115} INFO - [2025-01-12T17:52:26.845+0000] {dagbag.py:508} INFO - Filling up the DagBag from /opt/airflow/dags/extract2.py
[2025-01-12T17:52:26.946+0000] {processor.py:652} WARNING - No viable dags retrieved from /opt/airflow/dags/extract2.py
[2025-01-12T17:52:26.958+0000] {processor.py:161} INFO - Processing /opt/airflow/dags/extract2.py took 0.121 seconds
[2025-01-12T17:53:01.874+0000] {processor.py:153} INFO - Started process (PID=194) to work on /opt/airflow/dags/extract2.py
[2025-01-12T17:53:01.875+0000] {processor.py:640} INFO - Processing file /opt/airflow/dags/extract2.py for tasks to queue
[2025-01-12T17:53:01.876+0000] {logging_mixin.py:115} INFO - [2025-01-12T17:53:01.876+0000] {dagbag.py:508} INFO - Filling up the DagBag from /opt/airflow/dags/extract2.py
[2025-01-12T17:53:02.070+0000] {processor.py:652} WARNING - No viable dags retrieved from /opt/airflow/dags/extract2.py
[2025-01-12T17:53:02.081+0000] {processor.py:161} INFO - Processing /opt/airflow/dags/extract2.py took 0.211 seconds
[2025-01-12T17:53:32.313+0000] {processor.py:153} INFO - Started process (PID=206) to work on /opt/airflow/dags/extract2.py
[2025-01-12T17:53:32.314+0000] {processor.py:640} INFO - Processing file /opt/airflow/dags/extract2.py for tasks to queue
[2025-01-12T17:53:32.315+0000] {logging_mixin.py:115} INFO - [2025-01-12T17:53:32.315+0000] {dagbag.py:508} INFO - Filling up the DagBag from /opt/airflow/dags/extract2.py
[2025-01-12T17:53:32.689+0000] {processor.py:652} WARNING - No viable dags retrieved from /opt/airflow/dags/extract2.py
[2025-01-12T17:53:32.759+0000] {processor.py:161} INFO - Processing /opt/airflow/dags/extract2.py took 0.463 seconds
[2025-01-12T17:54:03.029+0000] {processor.py:153} INFO - Started process (PID=237) to work on /opt/airflow/dags/extract2.py
[2025-01-12T17:54:03.030+0000] {processor.py:640} INFO - Processing file /opt/airflow/dags/extract2.py for tasks to queue
[2025-01-12T17:54:03.031+0000] {logging_mixin.py:115} INFO - [2025-01-12T17:54:03.031+0000] {dagbag.py:508} INFO - Filling up the DagBag from /opt/airflow/dags/extract2.py
[2025-01-12T17:54:03.110+0000] {processor.py:652} WARNING - No viable dags retrieved from /opt/airflow/dags/extract2.py
[2025-01-12T17:54:03.127+0000] {processor.py:161} INFO - Processing /opt/airflow/dags/extract2.py took 0.102 seconds
[2025-01-12T17:54:33.434+0000] {processor.py:153} INFO - Started process (PID=247) to work on /opt/airflow/dags/extract2.py
[2025-01-12T17:54:33.439+0000] {processor.py:640} INFO - Processing file /opt/airflow/dags/extract2.py for tasks to queue
[2025-01-12T17:54:33.440+0000] {logging_mixin.py:115} INFO - [2025-01-12T17:54:33.440+0000] {dagbag.py:508} INFO - Filling up the DagBag from /opt/airflow/dags/extract2.py
[2025-01-12T17:54:33.544+0000] {processor.py:652} WARNING - No viable dags retrieved from /opt/airflow/dags/extract2.py
[2025-01-12T17:54:33.560+0000] {processor.py:161} INFO - Processing /opt/airflow/dags/extract2.py took 0.134 seconds
[2025-01-12T17:55:03.866+0000] {processor.py:153} INFO - Started process (PID=301) to work on /opt/airflow/dags/extract2.py
[2025-01-12T17:55:03.871+0000] {processor.py:640} INFO - Processing file /opt/airflow/dags/extract2.py for tasks to queue
[2025-01-12T17:55:03.872+0000] {logging_mixin.py:115} INFO - [2025-01-12T17:55:03.872+0000] {dagbag.py:508} INFO - Filling up the DagBag from /opt/airflow/dags/extract2.py
[2025-01-12T17:55:03.992+0000] {processor.py:652} WARNING - No viable dags retrieved from /opt/airflow/dags/extract2.py
[2025-01-12T17:55:04.005+0000] {processor.py:161} INFO - Processing /opt/airflow/dags/extract2.py took 0.146 seconds
[2025-01-12T17:55:34.368+0000] {processor.py:153} INFO - Started process (PID=311) to work on /opt/airflow/dags/extract2.py
[2025-01-12T17:55:34.369+0000] {processor.py:640} INFO - Processing file /opt/airflow/dags/extract2.py for tasks to queue
[2025-01-12T17:55:34.370+0000] {logging_mixin.py:115} INFO - [2025-01-12T17:55:34.370+0000] {dagbag.py:508} INFO - Filling up the DagBag from /opt/airflow/dags/extract2.py
[2025-01-12T17:55:34.455+0000] {processor.py:652} WARNING - No viable dags retrieved from /opt/airflow/dags/extract2.py
[2025-01-12T17:55:34.469+0000] {processor.py:161} INFO - Processing /opt/airflow/dags/extract2.py took 0.109 seconds
[2025-01-12T17:56:04.814+0000] {processor.py:153} INFO - Started process (PID=321) to work on /opt/airflow/dags/extract2.py
[2025-01-12T17:56:04.816+0000] {processor.py:640} INFO - Processing file /opt/airflow/dags/extract2.py for tasks to queue
[2025-01-12T17:56:04.817+0000] {logging_mixin.py:115} INFO - [2025-01-12T17:56:04.817+0000] {dagbag.py:508} INFO - Filling up the DagBag from /opt/airflow/dags/extract2.py
[2025-01-12T17:56:04.901+0000] {processor.py:652} WARNING - No viable dags retrieved from /opt/airflow/dags/extract2.py
[2025-01-12T17:56:04.912+0000] {processor.py:161} INFO - Processing /opt/airflow/dags/extract2.py took 0.124 seconds
[2025-01-12T17:56:35.197+0000] {processor.py:153} INFO - Started process (PID=331) to work on /opt/airflow/dags/extract2.py
[2025-01-12T17:56:35.199+0000] {processor.py:640} INFO - Processing file /opt/airflow/dags/extract2.py for tasks to queue
[2025-01-12T17:56:35.200+0000] {logging_mixin.py:115} INFO - [2025-01-12T17:56:35.200+0000] {dagbag.py:508} INFO - Filling up the DagBag from /opt/airflow/dags/extract2.py
[2025-01-12T17:56:35.291+0000] {processor.py:652} WARNING - No viable dags retrieved from /opt/airflow/dags/extract2.py
[2025-01-12T17:56:35.305+0000] {processor.py:161} INFO - Processing /opt/airflow/dags/extract2.py took 0.115 seconds
[2025-01-12T17:57:05.594+0000] {processor.py:153} INFO - Started process (PID=341) to work on /opt/airflow/dags/extract2.py
[2025-01-12T17:57:05.600+0000] {processor.py:640} INFO - Processing file /opt/airflow/dags/extract2.py for tasks to queue
[2025-01-12T17:57:05.601+0000] {logging_mixin.py:115} INFO - [2025-01-12T17:57:05.601+0000] {dagbag.py:508} INFO - Filling up the DagBag from /opt/airflow/dags/extract2.py
[2025-01-12T17:57:05.736+0000] {processor.py:652} WARNING - No viable dags retrieved from /opt/airflow/dags/extract2.py
[2025-01-12T17:57:05.758+0000] {processor.py:161} INFO - Processing /opt/airflow/dags/extract2.py took 0.175 seconds
[2025-01-12T17:57:35.924+0000] {processor.py:153} INFO - Started process (PID=351) to work on /opt/airflow/dags/extract2.py
[2025-01-12T17:57:35.927+0000] {processor.py:640} INFO - Processing file /opt/airflow/dags/extract2.py for tasks to queue
[2025-01-12T17:57:35.930+0000] {logging_mixin.py:115} INFO - [2025-01-12T17:57:35.930+0000] {dagbag.py:508} INFO - Filling up the DagBag from /opt/airflow/dags/extract2.py
[2025-01-12T17:57:36.030+0000] {processor.py:652} WARNING - No viable dags retrieved from /opt/airflow/dags/extract2.py
[2025-01-12T17:57:36.056+0000] {processor.py:161} INFO - Processing /opt/airflow/dags/extract2.py took 0.140 seconds
[2025-01-12T17:58:06.386+0000] {processor.py:153} INFO - Started process (PID=361) to work on /opt/airflow/dags/extract2.py
[2025-01-12T17:58:06.390+0000] {processor.py:640} INFO - Processing file /opt/airflow/dags/extract2.py for tasks to queue
[2025-01-12T17:58:06.392+0000] {logging_mixin.py:115} INFO - [2025-01-12T17:58:06.392+0000] {dagbag.py:508} INFO - Filling up the DagBag from /opt/airflow/dags/extract2.py
[2025-01-12T17:58:06.483+0000] {processor.py:652} WARNING - No viable dags retrieved from /opt/airflow/dags/extract2.py
[2025-01-12T17:58:06.496+0000] {processor.py:161} INFO - Processing /opt/airflow/dags/extract2.py took 0.130 seconds
[2025-01-12T17:58:36.800+0000] {processor.py:153} INFO - Started process (PID=393) to work on /opt/airflow/dags/extract2.py
[2025-01-12T17:58:36.802+0000] {processor.py:640} INFO - Processing file /opt/airflow/dags/extract2.py for tasks to queue
[2025-01-12T17:58:36.802+0000] {logging_mixin.py:115} INFO - [2025-01-12T17:58:36.802+0000] {dagbag.py:508} INFO - Filling up the DagBag from /opt/airflow/dags/extract2.py
[2025-01-12T17:58:36.879+0000] {processor.py:652} WARNING - No viable dags retrieved from /opt/airflow/dags/extract2.py
[2025-01-12T17:58:36.889+0000] {processor.py:161} INFO - Processing /opt/airflow/dags/extract2.py took 0.093 seconds
[2025-01-12T17:59:07.250+0000] {processor.py:153} INFO - Started process (PID=403) to work on /opt/airflow/dags/extract2.py
[2025-01-12T17:59:07.251+0000] {processor.py:640} INFO - Processing file /opt/airflow/dags/extract2.py for tasks to queue
[2025-01-12T17:59:07.253+0000] {logging_mixin.py:115} INFO - [2025-01-12T17:59:07.253+0000] {dagbag.py:508} INFO - Filling up the DagBag from /opt/airflow/dags/extract2.py
[2025-01-12T17:59:07.353+0000] {processor.py:652} WARNING - No viable dags retrieved from /opt/airflow/dags/extract2.py
[2025-01-12T17:59:07.368+0000] {processor.py:161} INFO - Processing /opt/airflow/dags/extract2.py took 0.126 seconds
[2025-01-12T17:59:37.721+0000] {processor.py:153} INFO - Started process (PID=413) to work on /opt/airflow/dags/extract2.py
[2025-01-12T17:59:37.723+0000] {processor.py:640} INFO - Processing file /opt/airflow/dags/extract2.py for tasks to queue
[2025-01-12T17:59:37.724+0000] {logging_mixin.py:115} INFO - [2025-01-12T17:59:37.724+0000] {dagbag.py:508} INFO - Filling up the DagBag from /opt/airflow/dags/extract2.py
[2025-01-12T17:59:37.817+0000] {processor.py:652} WARNING - No viable dags retrieved from /opt/airflow/dags/extract2.py
[2025-01-12T17:59:37.831+0000] {processor.py:161} INFO - Processing /opt/airflow/dags/extract2.py took 0.118 seconds
[2025-01-12T18:00:08.131+0000] {processor.py:153} INFO - Started process (PID=467) to work on /opt/airflow/dags/extract2.py
[2025-01-12T18:00:08.132+0000] {processor.py:640} INFO - Processing file /opt/airflow/dags/extract2.py for tasks to queue
[2025-01-12T18:00:08.133+0000] {logging_mixin.py:115} INFO - [2025-01-12T18:00:08.133+0000] {dagbag.py:508} INFO - Filling up the DagBag from /opt/airflow/dags/extract2.py
[2025-01-12T18:00:08.220+0000] {processor.py:652} WARNING - No viable dags retrieved from /opt/airflow/dags/extract2.py
[2025-01-12T18:00:08.235+0000] {processor.py:161} INFO - Processing /opt/airflow/dags/extract2.py took 0.112 seconds
[2025-01-12T18:00:38.571+0000] {processor.py:153} INFO - Started process (PID=477) to work on /opt/airflow/dags/extract2.py
[2025-01-12T18:00:38.573+0000] {processor.py:640} INFO - Processing file /opt/airflow/dags/extract2.py for tasks to queue
[2025-01-12T18:00:38.575+0000] {logging_mixin.py:115} INFO - [2025-01-12T18:00:38.575+0000] {dagbag.py:508} INFO - Filling up the DagBag from /opt/airflow/dags/extract2.py
[2025-01-12T18:00:38.659+0000] {processor.py:652} WARNING - No viable dags retrieved from /opt/airflow/dags/extract2.py
[2025-01-12T18:00:38.693+0000] {processor.py:161} INFO - Processing /opt/airflow/dags/extract2.py took 0.140 seconds
[2025-01-12T18:01:09.053+0000] {processor.py:153} INFO - Started process (PID=487) to work on /opt/airflow/dags/extract2.py
[2025-01-12T18:01:09.059+0000] {processor.py:640} INFO - Processing file /opt/airflow/dags/extract2.py for tasks to queue
[2025-01-12T18:01:09.060+0000] {logging_mixin.py:115} INFO - [2025-01-12T18:01:09.060+0000] {dagbag.py:508} INFO - Filling up the DagBag from /opt/airflow/dags/extract2.py
[2025-01-12T18:01:09.147+0000] {processor.py:652} WARNING - No viable dags retrieved from /opt/airflow/dags/extract2.py
[2025-01-12T18:01:09.165+0000] {processor.py:161} INFO - Processing /opt/airflow/dags/extract2.py took 0.130 seconds
[2025-01-12T18:01:39.580+0000] {processor.py:153} INFO - Started process (PID=502) to work on /opt/airflow/dags/extract2.py
[2025-01-12T18:01:39.582+0000] {processor.py:640} INFO - Processing file /opt/airflow/dags/extract2.py for tasks to queue
[2025-01-12T18:01:39.585+0000] {logging_mixin.py:115} INFO - [2025-01-12T18:01:39.585+0000] {dagbag.py:508} INFO - Filling up the DagBag from /opt/airflow/dags/extract2.py
[2025-01-12T18:01:39.776+0000] {processor.py:652} WARNING - No viable dags retrieved from /opt/airflow/dags/extract2.py
[2025-01-12T18:01:39.803+0000] {processor.py:161} INFO - Processing /opt/airflow/dags/extract2.py took 0.263 seconds
[2025-01-12T18:02:09.913+0000] {processor.py:153} INFO - Started process (PID=512) to work on /opt/airflow/dags/extract2.py
[2025-01-12T18:02:09.914+0000] {processor.py:640} INFO - Processing file /opt/airflow/dags/extract2.py for tasks to queue
[2025-01-12T18:02:09.915+0000] {logging_mixin.py:115} INFO - [2025-01-12T18:02:09.915+0000] {dagbag.py:508} INFO - Filling up the DagBag from /opt/airflow/dags/extract2.py
[2025-01-12T18:02:09.975+0000] {processor.py:652} WARNING - No viable dags retrieved from /opt/airflow/dags/extract2.py
[2025-01-12T18:02:10.006+0000] {processor.py:161} INFO - Processing /opt/airflow/dags/extract2.py took 0.100 seconds
[2025-01-12T18:02:40.484+0000] {processor.py:153} INFO - Started process (PID=533) to work on /opt/airflow/dags/extract2.py
[2025-01-12T18:02:40.485+0000] {processor.py:640} INFO - Processing file /opt/airflow/dags/extract2.py for tasks to queue
[2025-01-12T18:02:40.487+0000] {logging_mixin.py:115} INFO - [2025-01-12T18:02:40.487+0000] {dagbag.py:508} INFO - Filling up the DagBag from /opt/airflow/dags/extract2.py
[2025-01-12T18:02:40.593+0000] {processor.py:652} WARNING - No viable dags retrieved from /opt/airflow/dags/extract2.py
[2025-01-12T18:02:40.617+0000] {processor.py:161} INFO - Processing /opt/airflow/dags/extract2.py took 0.152 seconds
[2025-01-12T18:03:10.961+0000] {processor.py:153} INFO - Started process (PID=543) to work on /opt/airflow/dags/extract2.py
[2025-01-12T18:03:10.962+0000] {processor.py:640} INFO - Processing file /opt/airflow/dags/extract2.py for tasks to queue
[2025-01-12T18:03:10.963+0000] {logging_mixin.py:115} INFO - [2025-01-12T18:03:10.963+0000] {dagbag.py:508} INFO - Filling up the DagBag from /opt/airflow/dags/extract2.py
[2025-01-12T18:03:11.037+0000] {processor.py:652} WARNING - No viable dags retrieved from /opt/airflow/dags/extract2.py
[2025-01-12T18:03:11.063+0000] {processor.py:161} INFO - Processing /opt/airflow/dags/extract2.py took 0.108 seconds
[2025-01-12T18:03:41.361+0000] {processor.py:153} INFO - Started process (PID=553) to work on /opt/airflow/dags/extract2.py
[2025-01-12T18:03:41.362+0000] {processor.py:640} INFO - Processing file /opt/airflow/dags/extract2.py for tasks to queue
[2025-01-12T18:03:41.363+0000] {logging_mixin.py:115} INFO - [2025-01-12T18:03:41.363+0000] {dagbag.py:508} INFO - Filling up the DagBag from /opt/airflow/dags/extract2.py
[2025-01-12T18:03:41.432+0000] {processor.py:652} WARNING - No viable dags retrieved from /opt/airflow/dags/extract2.py
[2025-01-12T18:03:41.465+0000] {processor.py:161} INFO - Processing /opt/airflow/dags/extract2.py took 0.133 seconds
[2025-01-12T18:04:11.596+0000] {processor.py:153} INFO - Started process (PID=563) to work on /opt/airflow/dags/extract2.py
[2025-01-12T18:04:11.597+0000] {processor.py:640} INFO - Processing file /opt/airflow/dags/extract2.py for tasks to queue
[2025-01-12T18:04:11.598+0000] {logging_mixin.py:115} INFO - [2025-01-12T18:04:11.597+0000] {dagbag.py:508} INFO - Filling up the DagBag from /opt/airflow/dags/extract2.py
[2025-01-12T18:04:11.674+0000] {processor.py:652} WARNING - No viable dags retrieved from /opt/airflow/dags/extract2.py
[2025-01-12T18:04:11.688+0000] {processor.py:161} INFO - Processing /opt/airflow/dags/extract2.py took 0.095 seconds
[2025-01-12T18:04:41.974+0000] {processor.py:153} INFO - Started process (PID=573) to work on /opt/airflow/dags/extract2.py
[2025-01-12T18:04:41.976+0000] {processor.py:640} INFO - Processing file /opt/airflow/dags/extract2.py for tasks to queue
[2025-01-12T18:04:41.977+0000] {logging_mixin.py:115} INFO - [2025-01-12T18:04:41.977+0000] {dagbag.py:508} INFO - Filling up the DagBag from /opt/airflow/dags/extract2.py
[2025-01-12T18:04:42.066+0000] {processor.py:652} WARNING - No viable dags retrieved from /opt/airflow/dags/extract2.py
[2025-01-12T18:04:42.089+0000] {processor.py:161} INFO - Processing /opt/airflow/dags/extract2.py took 0.121 seconds
[2025-01-12T18:05:12.415+0000] {processor.py:153} INFO - Started process (PID=589) to work on /opt/airflow/dags/extract2.py
[2025-01-12T18:05:12.416+0000] {processor.py:640} INFO - Processing file /opt/airflow/dags/extract2.py for tasks to queue
[2025-01-12T18:05:12.417+0000] {logging_mixin.py:115} INFO - [2025-01-12T18:05:12.417+0000] {dagbag.py:508} INFO - Filling up the DagBag from /opt/airflow/dags/extract2.py
[2025-01-12T18:05:12.493+0000] {processor.py:652} WARNING - No viable dags retrieved from /opt/airflow/dags/extract2.py
[2025-01-12T18:05:12.512+0000] {processor.py:161} INFO - Processing /opt/airflow/dags/extract2.py took 0.107 seconds
[2025-01-12T18:05:42.795+0000] {processor.py:153} INFO - Started process (PID=599) to work on /opt/airflow/dags/extract2.py
[2025-01-12T18:05:42.796+0000] {processor.py:640} INFO - Processing file /opt/airflow/dags/extract2.py for tasks to queue
[2025-01-12T18:05:42.796+0000] {logging_mixin.py:115} INFO - [2025-01-12T18:05:42.796+0000] {dagbag.py:508} INFO - Filling up the DagBag from /opt/airflow/dags/extract2.py
[2025-01-12T18:05:42.893+0000] {processor.py:652} WARNING - No viable dags retrieved from /opt/airflow/dags/extract2.py
[2025-01-12T18:05:42.912+0000] {processor.py:161} INFO - Processing /opt/airflow/dags/extract2.py took 0.123 seconds
[2025-01-12T18:06:13.234+0000] {processor.py:153} INFO - Started process (PID=609) to work on /opt/airflow/dags/extract2.py
[2025-01-12T18:06:13.235+0000] {processor.py:640} INFO - Processing file /opt/airflow/dags/extract2.py for tasks to queue
[2025-01-12T18:06:13.236+0000] {logging_mixin.py:115} INFO - [2025-01-12T18:06:13.236+0000] {dagbag.py:508} INFO - Filling up the DagBag from /opt/airflow/dags/extract2.py
[2025-01-12T18:06:13.331+0000] {processor.py:652} WARNING - No viable dags retrieved from /opt/airflow/dags/extract2.py
[2025-01-12T18:06:13.382+0000] {processor.py:161} INFO - Processing /opt/airflow/dags/extract2.py took 0.154 seconds
[2025-01-12T18:06:43.835+0000] {processor.py:153} INFO - Started process (PID=619) to work on /opt/airflow/dags/extract2.py
[2025-01-12T18:06:43.837+0000] {processor.py:640} INFO - Processing file /opt/airflow/dags/extract2.py for tasks to queue
[2025-01-12T18:06:43.838+0000] {logging_mixin.py:115} INFO - [2025-01-12T18:06:43.838+0000] {dagbag.py:508} INFO - Filling up the DagBag from /opt/airflow/dags/extract2.py
[2025-01-12T18:06:43.993+0000] {processor.py:652} WARNING - No viable dags retrieved from /opt/airflow/dags/extract2.py
[2025-01-12T18:06:44.035+0000] {processor.py:161} INFO - Processing /opt/airflow/dags/extract2.py took 0.210 seconds
[2025-01-12T18:07:14.182+0000] {processor.py:153} INFO - Started process (PID=629) to work on /opt/airflow/dags/extract2.py
[2025-01-12T18:07:14.183+0000] {processor.py:640} INFO - Processing file /opt/airflow/dags/extract2.py for tasks to queue
[2025-01-12T18:07:14.184+0000] {logging_mixin.py:115} INFO - [2025-01-12T18:07:14.184+0000] {dagbag.py:508} INFO - Filling up the DagBag from /opt/airflow/dags/extract2.py
[2025-01-12T18:07:14.257+0000] {processor.py:652} WARNING - No viable dags retrieved from /opt/airflow/dags/extract2.py
[2025-01-12T18:07:14.286+0000] {processor.py:161} INFO - Processing /opt/airflow/dags/extract2.py took 0.113 seconds
[2025-01-12T18:07:44.571+0000] {processor.py:153} INFO - Started process (PID=639) to work on /opt/airflow/dags/extract2.py
[2025-01-12T18:07:44.573+0000] {processor.py:640} INFO - Processing file /opt/airflow/dags/extract2.py for tasks to queue
[2025-01-12T18:07:44.574+0000] {logging_mixin.py:115} INFO - [2025-01-12T18:07:44.574+0000] {dagbag.py:508} INFO - Filling up the DagBag from /opt/airflow/dags/extract2.py
[2025-01-12T18:07:44.676+0000] {processor.py:652} WARNING - No viable dags retrieved from /opt/airflow/dags/extract2.py
[2025-01-12T18:07:44.691+0000] {processor.py:161} INFO - Processing /opt/airflow/dags/extract2.py took 0.127 seconds
[2025-01-12T18:08:14.947+0000] {processor.py:153} INFO - Started process (PID=649) to work on /opt/airflow/dags/extract2.py
[2025-01-12T18:08:14.948+0000] {processor.py:640} INFO - Processing file /opt/airflow/dags/extract2.py for tasks to queue
[2025-01-12T18:08:14.949+0000] {logging_mixin.py:115} INFO - [2025-01-12T18:08:14.949+0000] {dagbag.py:508} INFO - Filling up the DagBag from /opt/airflow/dags/extract2.py
[2025-01-12T18:08:15.015+0000] {processor.py:652} WARNING - No viable dags retrieved from /opt/airflow/dags/extract2.py
[2025-01-12T18:08:15.030+0000] {processor.py:161} INFO - Processing /opt/airflow/dags/extract2.py took 0.107 seconds
[2025-01-12T18:08:45.273+0000] {processor.py:153} INFO - Started process (PID=659) to work on /opt/airflow/dags/extract2.py
[2025-01-12T18:08:45.278+0000] {processor.py:640} INFO - Processing file /opt/airflow/dags/extract2.py for tasks to queue
[2025-01-12T18:08:45.280+0000] {logging_mixin.py:115} INFO - [2025-01-12T18:08:45.279+0000] {dagbag.py:508} INFO - Filling up the DagBag from /opt/airflow/dags/extract2.py
[2025-01-12T18:08:45.350+0000] {processor.py:652} WARNING - No viable dags retrieved from /opt/airflow/dags/extract2.py
[2025-01-12T18:08:45.385+0000] {processor.py:161} INFO - Processing /opt/airflow/dags/extract2.py took 0.134 seconds
[2025-01-12T18:09:15.526+0000] {processor.py:153} INFO - Started process (PID=669) to work on /opt/airflow/dags/extract2.py
[2025-01-12T18:09:15.527+0000] {processor.py:640} INFO - Processing file /opt/airflow/dags/extract2.py for tasks to queue
[2025-01-12T18:09:15.528+0000] {logging_mixin.py:115} INFO - [2025-01-12T18:09:15.528+0000] {dagbag.py:508} INFO - Filling up the DagBag from /opt/airflow/dags/extract2.py
[2025-01-12T18:09:15.594+0000] {processor.py:652} WARNING - No viable dags retrieved from /opt/airflow/dags/extract2.py
[2025-01-12T18:09:15.607+0000] {processor.py:161} INFO - Processing /opt/airflow/dags/extract2.py took 0.096 seconds
[2025-01-12T18:09:45.864+0000] {processor.py:153} INFO - Started process (PID=679) to work on /opt/airflow/dags/extract2.py
[2025-01-12T18:09:45.871+0000] {processor.py:640} INFO - Processing file /opt/airflow/dags/extract2.py for tasks to queue
[2025-01-12T18:09:45.880+0000] {logging_mixin.py:115} INFO - [2025-01-12T18:09:45.879+0000] {dagbag.py:508} INFO - Filling up the DagBag from /opt/airflow/dags/extract2.py
[2025-01-12T18:09:45.946+0000] {processor.py:652} WARNING - No viable dags retrieved from /opt/airflow/dags/extract2.py
[2025-01-12T18:09:45.960+0000] {processor.py:161} INFO - Processing /opt/airflow/dags/extract2.py took 0.100 seconds
[2025-01-12T18:10:16.393+0000] {processor.py:153} INFO - Started process (PID=700) to work on /opt/airflow/dags/extract2.py
[2025-01-12T18:10:16.394+0000] {processor.py:640} INFO - Processing file /opt/airflow/dags/extract2.py for tasks to queue
[2025-01-12T18:10:16.395+0000] {logging_mixin.py:115} INFO - [2025-01-12T18:10:16.395+0000] {dagbag.py:508} INFO - Filling up the DagBag from /opt/airflow/dags/extract2.py
[2025-01-12T18:10:16.481+0000] {processor.py:652} WARNING - No viable dags retrieved from /opt/airflow/dags/extract2.py
[2025-01-12T18:10:16.496+0000] {processor.py:161} INFO - Processing /opt/airflow/dags/extract2.py took 0.109 seconds
[2025-01-12T18:10:46.727+0000] {processor.py:153} INFO - Started process (PID=735) to work on /opt/airflow/dags/extract2.py
[2025-01-12T18:10:46.736+0000] {processor.py:640} INFO - Processing file /opt/airflow/dags/extract2.py for tasks to queue
[2025-01-12T18:10:46.742+0000] {logging_mixin.py:115} INFO - [2025-01-12T18:10:46.741+0000] {dagbag.py:508} INFO - Filling up the DagBag from /opt/airflow/dags/extract2.py
[2025-01-12T18:10:46.857+0000] {processor.py:652} WARNING - No viable dags retrieved from /opt/airflow/dags/extract2.py
[2025-01-12T18:10:46.904+0000] {processor.py:161} INFO - Processing /opt/airflow/dags/extract2.py took 0.187 seconds
[2025-01-12T18:11:17.139+0000] {processor.py:153} INFO - Started process (PID=745) to work on /opt/airflow/dags/extract2.py
[2025-01-12T18:11:17.141+0000] {processor.py:640} INFO - Processing file /opt/airflow/dags/extract2.py for tasks to queue
[2025-01-12T18:11:17.142+0000] {logging_mixin.py:115} INFO - [2025-01-12T18:11:17.141+0000] {dagbag.py:508} INFO - Filling up the DagBag from /opt/airflow/dags/extract2.py
[2025-01-12T18:11:17.213+0000] {processor.py:652} WARNING - No viable dags retrieved from /opt/airflow/dags/extract2.py
[2025-01-12T18:11:17.259+0000] {processor.py:161} INFO - Processing /opt/airflow/dags/extract2.py took 0.130 seconds
[2025-01-12T18:11:47.558+0000] {processor.py:153} INFO - Started process (PID=755) to work on /opt/airflow/dags/extract2.py
[2025-01-12T18:11:47.560+0000] {processor.py:640} INFO - Processing file /opt/airflow/dags/extract2.py for tasks to queue
[2025-01-12T18:11:47.560+0000] {logging_mixin.py:115} INFO - [2025-01-12T18:11:47.560+0000] {dagbag.py:508} INFO - Filling up the DagBag from /opt/airflow/dags/extract2.py
[2025-01-12T18:11:47.640+0000] {processor.py:652} WARNING - No viable dags retrieved from /opt/airflow/dags/extract2.py
[2025-01-12T18:11:47.668+0000] {processor.py:161} INFO - Processing /opt/airflow/dags/extract2.py took 0.117 seconds
[2025-01-12T18:12:17.882+0000] {processor.py:153} INFO - Started process (PID=765) to work on /opt/airflow/dags/extract2.py
[2025-01-12T18:12:17.884+0000] {processor.py:640} INFO - Processing file /opt/airflow/dags/extract2.py for tasks to queue
[2025-01-12T18:12:17.885+0000] {logging_mixin.py:115} INFO - [2025-01-12T18:12:17.885+0000] {dagbag.py:508} INFO - Filling up the DagBag from /opt/airflow/dags/extract2.py
[2025-01-12T18:12:17.970+0000] {processor.py:652} WARNING - No viable dags retrieved from /opt/airflow/dags/extract2.py
[2025-01-12T18:12:17.987+0000] {processor.py:161} INFO - Processing /opt/airflow/dags/extract2.py took 0.110 seconds
[2025-01-12T18:12:48.268+0000] {processor.py:153} INFO - Started process (PID=775) to work on /opt/airflow/dags/extract2.py
[2025-01-12T18:12:48.269+0000] {processor.py:640} INFO - Processing file /opt/airflow/dags/extract2.py for tasks to queue
[2025-01-12T18:12:48.270+0000] {logging_mixin.py:115} INFO - [2025-01-12T18:12:48.270+0000] {dagbag.py:508} INFO - Filling up the DagBag from /opt/airflow/dags/extract2.py
[2025-01-12T18:12:48.358+0000] {processor.py:652} WARNING - No viable dags retrieved from /opt/airflow/dags/extract2.py
[2025-01-12T18:12:48.382+0000] {processor.py:161} INFO - Processing /opt/airflow/dags/extract2.py took 0.120 seconds
[2025-01-12T18:13:18.593+0000] {processor.py:153} INFO - Started process (PID=785) to work on /opt/airflow/dags/extract2.py
[2025-01-12T18:13:18.595+0000] {processor.py:640} INFO - Processing file /opt/airflow/dags/extract2.py for tasks to queue
[2025-01-12T18:13:18.597+0000] {logging_mixin.py:115} INFO - [2025-01-12T18:13:18.597+0000] {dagbag.py:508} INFO - Filling up the DagBag from /opt/airflow/dags/extract2.py
[2025-01-12T18:13:18.661+0000] {processor.py:652} WARNING - No viable dags retrieved from /opt/airflow/dags/extract2.py
[2025-01-12T18:13:18.687+0000] {processor.py:161} INFO - Processing /opt/airflow/dags/extract2.py took 0.110 seconds
[2025-01-12T18:13:48.899+0000] {processor.py:153} INFO - Started process (PID=795) to work on /opt/airflow/dags/extract2.py
[2025-01-12T18:13:48.902+0000] {processor.py:640} INFO - Processing file /opt/airflow/dags/extract2.py for tasks to queue
[2025-01-12T18:13:48.907+0000] {logging_mixin.py:115} INFO - [2025-01-12T18:13:48.907+0000] {dagbag.py:508} INFO - Filling up the DagBag from /opt/airflow/dags/extract2.py
[2025-01-12T18:13:48.993+0000] {processor.py:652} WARNING - No viable dags retrieved from /opt/airflow/dags/extract2.py
[2025-01-12T18:13:49.009+0000] {processor.py:161} INFO - Processing /opt/airflow/dags/extract2.py took 0.116 seconds
[2025-01-12T18:14:19.284+0000] {processor.py:153} INFO - Started process (PID=805) to work on /opt/airflow/dags/extract2.py
[2025-01-12T18:14:19.285+0000] {processor.py:640} INFO - Processing file /opt/airflow/dags/extract2.py for tasks to queue
[2025-01-12T18:14:19.286+0000] {logging_mixin.py:115} INFO - [2025-01-12T18:14:19.286+0000] {dagbag.py:508} INFO - Filling up the DagBag from /opt/airflow/dags/extract2.py
[2025-01-12T18:14:19.346+0000] {processor.py:652} WARNING - No viable dags retrieved from /opt/airflow/dags/extract2.py
[2025-01-12T18:14:19.363+0000] {processor.py:161} INFO - Processing /opt/airflow/dags/extract2.py took 0.103 seconds
[2025-01-12T18:14:49.659+0000] {processor.py:153} INFO - Started process (PID=815) to work on /opt/airflow/dags/extract2.py
[2025-01-12T18:14:49.660+0000] {processor.py:640} INFO - Processing file /opt/airflow/dags/extract2.py for tasks to queue
[2025-01-12T18:14:49.661+0000] {logging_mixin.py:115} INFO - [2025-01-12T18:14:49.661+0000] {dagbag.py:508} INFO - Filling up the DagBag from /opt/airflow/dags/extract2.py
[2025-01-12T18:14:49.748+0000] {processor.py:652} WARNING - No viable dags retrieved from /opt/airflow/dags/extract2.py
[2025-01-12T18:14:49.778+0000] {processor.py:161} INFO - Processing /opt/airflow/dags/extract2.py took 0.127 seconds
[2025-01-12T18:15:20.078+0000] {processor.py:153} INFO - Started process (PID=850) to work on /opt/airflow/dags/extract2.py
[2025-01-12T18:15:20.079+0000] {processor.py:640} INFO - Processing file /opt/airflow/dags/extract2.py for tasks to queue
[2025-01-12T18:15:20.080+0000] {logging_mixin.py:115} INFO - [2025-01-12T18:15:20.080+0000] {dagbag.py:508} INFO - Filling up the DagBag from /opt/airflow/dags/extract2.py
[2025-01-12T18:15:20.174+0000] {processor.py:652} WARNING - No viable dags retrieved from /opt/airflow/dags/extract2.py
[2025-01-12T18:15:20.203+0000] {processor.py:161} INFO - Processing /opt/airflow/dags/extract2.py took 0.132 seconds
[2025-01-12T18:15:50.455+0000] {processor.py:153} INFO - Started process (PID=882) to work on /opt/airflow/dags/extract2.py
[2025-01-12T18:15:50.457+0000] {processor.py:640} INFO - Processing file /opt/airflow/dags/extract2.py for tasks to queue
[2025-01-12T18:15:50.459+0000] {logging_mixin.py:115} INFO - [2025-01-12T18:15:50.458+0000] {dagbag.py:508} INFO - Filling up the DagBag from /opt/airflow/dags/extract2.py
[2025-01-12T18:15:50.534+0000] {processor.py:652} WARNING - No viable dags retrieved from /opt/airflow/dags/extract2.py
[2025-01-12T18:15:50.558+0000] {processor.py:161} INFO - Processing /opt/airflow/dags/extract2.py took 0.130 seconds
[2025-01-12T18:16:20.802+0000] {processor.py:153} INFO - Started process (PID=892) to work on /opt/airflow/dags/extract2.py
[2025-01-12T18:16:20.803+0000] {processor.py:640} INFO - Processing file /opt/airflow/dags/extract2.py for tasks to queue
[2025-01-12T18:16:20.804+0000] {logging_mixin.py:115} INFO - [2025-01-12T18:16:20.804+0000] {dagbag.py:508} INFO - Filling up the DagBag from /opt/airflow/dags/extract2.py
[2025-01-12T18:16:20.885+0000] {processor.py:652} WARNING - No viable dags retrieved from /opt/airflow/dags/extract2.py
[2025-01-12T18:16:20.899+0000] {processor.py:161} INFO - Processing /opt/airflow/dags/extract2.py took 0.105 seconds
[2025-01-12T18:16:51.140+0000] {processor.py:153} INFO - Started process (PID=902) to work on /opt/airflow/dags/extract2.py
[2025-01-12T18:16:51.142+0000] {processor.py:640} INFO - Processing file /opt/airflow/dags/extract2.py for tasks to queue
[2025-01-12T18:16:51.143+0000] {logging_mixin.py:115} INFO - [2025-01-12T18:16:51.143+0000] {dagbag.py:508} INFO - Filling up the DagBag from /opt/airflow/dags/extract2.py
[2025-01-12T18:16:51.221+0000] {processor.py:652} WARNING - No viable dags retrieved from /opt/airflow/dags/extract2.py
[2025-01-12T18:16:51.237+0000] {processor.py:161} INFO - Processing /opt/airflow/dags/extract2.py took 0.110 seconds
[2025-01-12T18:17:21.499+0000] {processor.py:153} INFO - Started process (PID=912) to work on /opt/airflow/dags/extract2.py
[2025-01-12T18:17:21.500+0000] {processor.py:640} INFO - Processing file /opt/airflow/dags/extract2.py for tasks to queue
[2025-01-12T18:17:21.501+0000] {logging_mixin.py:115} INFO - [2025-01-12T18:17:21.501+0000] {dagbag.py:508} INFO - Filling up the DagBag from /opt/airflow/dags/extract2.py
[2025-01-12T18:17:21.590+0000] {processor.py:652} WARNING - No viable dags retrieved from /opt/airflow/dags/extract2.py
[2025-01-12T18:17:21.622+0000] {processor.py:161} INFO - Processing /opt/airflow/dags/extract2.py took 0.127 seconds
[2025-01-12T18:17:51.996+0000] {processor.py:153} INFO - Started process (PID=922) to work on /opt/airflow/dags/extract2.py
[2025-01-12T18:17:51.998+0000] {processor.py:640} INFO - Processing file /opt/airflow/dags/extract2.py for tasks to queue
[2025-01-12T18:17:52.002+0000] {logging_mixin.py:115} INFO - [2025-01-12T18:17:52.002+0000] {dagbag.py:508} INFO - Filling up the DagBag from /opt/airflow/dags/extract2.py
[2025-01-12T18:17:52.094+0000] {processor.py:652} WARNING - No viable dags retrieved from /opt/airflow/dags/extract2.py
[2025-01-12T18:17:52.112+0000] {processor.py:161} INFO - Processing /opt/airflow/dags/extract2.py took 0.121 seconds
[2025-01-12T18:18:22.403+0000] {processor.py:153} INFO - Started process (PID=932) to work on /opt/airflow/dags/extract2.py
[2025-01-12T18:18:22.404+0000] {processor.py:640} INFO - Processing file /opt/airflow/dags/extract2.py for tasks to queue
[2025-01-12T18:18:22.405+0000] {logging_mixin.py:115} INFO - [2025-01-12T18:18:22.405+0000] {dagbag.py:508} INFO - Filling up the DagBag from /opt/airflow/dags/extract2.py
[2025-01-12T18:18:22.483+0000] {processor.py:652} WARNING - No viable dags retrieved from /opt/airflow/dags/extract2.py
[2025-01-12T18:18:22.521+0000] {processor.py:161} INFO - Processing /opt/airflow/dags/extract2.py took 0.122 seconds
[2025-01-12T18:19:41.462+0000] {processor.py:153} INFO - Started process (PID=197) to work on /opt/airflow/dags/extract2.py
[2025-01-12T18:19:41.468+0000] {processor.py:640} INFO - Processing file /opt/airflow/dags/extract2.py for tasks to queue
[2025-01-12T18:19:41.470+0000] {logging_mixin.py:115} INFO - [2025-01-12T18:19:41.470+0000] {dagbag.py:508} INFO - Filling up the DagBag from /opt/airflow/dags/extract2.py
[2025-01-12T18:19:41.583+0000] {processor.py:652} WARNING - No viable dags retrieved from /opt/airflow/dags/extract2.py
[2025-01-12T18:19:41.598+0000] {processor.py:161} INFO - Processing /opt/airflow/dags/extract2.py took 0.140 seconds
[2025-01-12T18:20:11.866+0000] {processor.py:153} INFO - Started process (PID=253) to work on /opt/airflow/dags/extract2.py
[2025-01-12T18:20:11.869+0000] {processor.py:640} INFO - Processing file /opt/airflow/dags/extract2.py for tasks to queue
[2025-01-12T18:20:11.870+0000] {logging_mixin.py:115} INFO - [2025-01-12T18:20:11.870+0000] {dagbag.py:508} INFO - Filling up the DagBag from /opt/airflow/dags/extract2.py
[2025-01-12T18:20:11.929+0000] {processor.py:652} WARNING - No viable dags retrieved from /opt/airflow/dags/extract2.py
[2025-01-12T18:20:11.950+0000] {processor.py:161} INFO - Processing /opt/airflow/dags/extract2.py took 0.100 seconds
[2025-01-12T18:20:42.256+0000] {processor.py:153} INFO - Started process (PID=264) to work on /opt/airflow/dags/extract2.py
[2025-01-12T18:20:42.257+0000] {processor.py:640} INFO - Processing file /opt/airflow/dags/extract2.py for tasks to queue
[2025-01-12T18:20:42.258+0000] {logging_mixin.py:115} INFO - [2025-01-12T18:20:42.258+0000] {dagbag.py:508} INFO - Filling up the DagBag from /opt/airflow/dags/extract2.py
[2025-01-12T18:20:42.335+0000] {processor.py:652} WARNING - No viable dags retrieved from /opt/airflow/dags/extract2.py
[2025-01-12T18:20:42.345+0000] {processor.py:161} INFO - Processing /opt/airflow/dags/extract2.py took 0.099 seconds
[2025-01-12T18:21:12.609+0000] {processor.py:153} INFO - Started process (PID=299) to work on /opt/airflow/dags/extract2.py
[2025-01-12T18:21:12.610+0000] {processor.py:640} INFO - Processing file /opt/airflow/dags/extract2.py for tasks to queue
[2025-01-12T18:21:12.611+0000] {logging_mixin.py:115} INFO - [2025-01-12T18:21:12.611+0000] {dagbag.py:508} INFO - Filling up the DagBag from /opt/airflow/dags/extract2.py
[2025-01-12T18:21:12.707+0000] {processor.py:652} WARNING - No viable dags retrieved from /opt/airflow/dags/extract2.py
[2025-01-12T18:21:12.718+0000] {processor.py:161} INFO - Processing /opt/airflow/dags/extract2.py took 0.116 seconds
[2025-01-12T18:21:42.896+0000] {processor.py:153} INFO - Started process (PID=309) to work on /opt/airflow/dags/extract2.py
[2025-01-12T18:21:42.896+0000] {processor.py:640} INFO - Processing file /opt/airflow/dags/extract2.py for tasks to queue
[2025-01-12T18:21:42.898+0000] {logging_mixin.py:115} INFO - [2025-01-12T18:21:42.897+0000] {dagbag.py:508} INFO - Filling up the DagBag from /opt/airflow/dags/extract2.py
[2025-01-12T18:21:42.974+0000] {processor.py:652} WARNING - No viable dags retrieved from /opt/airflow/dags/extract2.py
[2025-01-12T18:21:42.992+0000] {processor.py:161} INFO - Processing /opt/airflow/dags/extract2.py took 0.103 seconds
[2025-01-12T18:22:13.290+0000] {processor.py:153} INFO - Started process (PID=320) to work on /opt/airflow/dags/extract2.py
[2025-01-12T18:22:13.291+0000] {processor.py:640} INFO - Processing file /opt/airflow/dags/extract2.py for tasks to queue
[2025-01-12T18:22:13.292+0000] {logging_mixin.py:115} INFO - [2025-01-12T18:22:13.292+0000] {dagbag.py:508} INFO - Filling up the DagBag from /opt/airflow/dags/extract2.py
[2025-01-12T18:22:13.378+0000] {processor.py:652} WARNING - No viable dags retrieved from /opt/airflow/dags/extract2.py
[2025-01-12T18:22:13.387+0000] {processor.py:161} INFO - Processing /opt/airflow/dags/extract2.py took 0.102 seconds
[2025-01-12T18:22:43.643+0000] {processor.py:153} INFO - Started process (PID=328) to work on /opt/airflow/dags/extract2.py
[2025-01-12T18:22:43.644+0000] {processor.py:640} INFO - Processing file /opt/airflow/dags/extract2.py for tasks to queue
[2025-01-12T18:22:43.645+0000] {logging_mixin.py:115} INFO - [2025-01-12T18:22:43.645+0000] {dagbag.py:508} INFO - Filling up the DagBag from /opt/airflow/dags/extract2.py
[2025-01-12T18:22:43.733+0000] {processor.py:652} WARNING - No viable dags retrieved from /opt/airflow/dags/extract2.py
[2025-01-12T18:22:43.746+0000] {processor.py:161} INFO - Processing /opt/airflow/dags/extract2.py took 0.121 seconds
[2025-01-12T18:23:14.034+0000] {processor.py:153} INFO - Started process (PID=339) to work on /opt/airflow/dags/extract2.py
[2025-01-12T18:23:14.035+0000] {processor.py:640} INFO - Processing file /opt/airflow/dags/extract2.py for tasks to queue
[2025-01-12T18:23:14.037+0000] {logging_mixin.py:115} INFO - [2025-01-12T18:23:14.036+0000] {dagbag.py:508} INFO - Filling up the DagBag from /opt/airflow/dags/extract2.py
[2025-01-12T18:23:14.124+0000] {processor.py:652} WARNING - No viable dags retrieved from /opt/airflow/dags/extract2.py
[2025-01-12T18:23:14.147+0000] {processor.py:161} INFO - Processing /opt/airflow/dags/extract2.py took 0.119 seconds
[2025-01-12T18:23:44.507+0000] {processor.py:153} INFO - Started process (PID=349) to work on /opt/airflow/dags/extract2.py
[2025-01-12T18:23:44.509+0000] {processor.py:640} INFO - Processing file /opt/airflow/dags/extract2.py for tasks to queue
[2025-01-12T18:23:44.510+0000] {logging_mixin.py:115} INFO - [2025-01-12T18:23:44.510+0000] {dagbag.py:508} INFO - Filling up the DagBag from /opt/airflow/dags/extract2.py
[2025-01-12T18:23:44.592+0000] {processor.py:652} WARNING - No viable dags retrieved from /opt/airflow/dags/extract2.py
[2025-01-12T18:23:44.617+0000] {processor.py:161} INFO - Processing /opt/airflow/dags/extract2.py took 0.115 seconds
[2025-01-12T18:24:14.747+0000] {processor.py:153} INFO - Started process (PID=358) to work on /opt/airflow/dags/extract2.py
[2025-01-12T18:24:14.756+0000] {processor.py:640} INFO - Processing file /opt/airflow/dags/extract2.py for tasks to queue
[2025-01-12T18:24:14.761+0000] {logging_mixin.py:115} INFO - [2025-01-12T18:24:14.760+0000] {dagbag.py:508} INFO - Filling up the DagBag from /opt/airflow/dags/extract2.py
[2025-01-12T18:24:14.857+0000] {processor.py:652} WARNING - No viable dags retrieved from /opt/airflow/dags/extract2.py
[2025-01-12T18:24:14.871+0000] {processor.py:161} INFO - Processing /opt/airflow/dags/extract2.py took 0.132 seconds
[2025-01-12T18:24:45.163+0000] {processor.py:153} INFO - Started process (PID=369) to work on /opt/airflow/dags/extract2.py
[2025-01-12T18:24:45.164+0000] {processor.py:640} INFO - Processing file /opt/airflow/dags/extract2.py for tasks to queue
[2025-01-12T18:24:45.165+0000] {logging_mixin.py:115} INFO - [2025-01-12T18:24:45.165+0000] {dagbag.py:508} INFO - Filling up the DagBag from /opt/airflow/dags/extract2.py
[2025-01-12T18:24:45.259+0000] {processor.py:652} WARNING - No viable dags retrieved from /opt/airflow/dags/extract2.py
[2025-01-12T18:24:45.269+0000] {processor.py:161} INFO - Processing /opt/airflow/dags/extract2.py took 0.127 seconds
[2025-01-12T18:25:15.418+0000] {processor.py:153} INFO - Started process (PID=426) to work on /opt/airflow/dags/extract2.py
[2025-01-12T18:25:15.420+0000] {processor.py:640} INFO - Processing file /opt/airflow/dags/extract2.py for tasks to queue
[2025-01-12T18:25:15.420+0000] {logging_mixin.py:115} INFO - [2025-01-12T18:25:15.420+0000] {dagbag.py:508} INFO - Filling up the DagBag from /opt/airflow/dags/extract2.py
[2025-01-12T18:25:15.507+0000] {processor.py:652} WARNING - No viable dags retrieved from /opt/airflow/dags/extract2.py
[2025-01-12T18:25:15.528+0000] {processor.py:161} INFO - Processing /opt/airflow/dags/extract2.py took 0.116 seconds
[2025-01-12T18:25:45.819+0000] {processor.py:153} INFO - Started process (PID=436) to work on /opt/airflow/dags/extract2.py
[2025-01-12T18:25:45.821+0000] {processor.py:640} INFO - Processing file /opt/airflow/dags/extract2.py for tasks to queue
[2025-01-12T18:25:45.822+0000] {logging_mixin.py:115} INFO - [2025-01-12T18:25:45.822+0000] {dagbag.py:508} INFO - Filling up the DagBag from /opt/airflow/dags/extract2.py
[2025-01-12T18:25:45.923+0000] {processor.py:652} WARNING - No viable dags retrieved from /opt/airflow/dags/extract2.py
[2025-01-12T18:25:45.936+0000] {processor.py:161} INFO - Processing /opt/airflow/dags/extract2.py took 0.123 seconds
[2025-01-12T18:26:16.236+0000] {processor.py:153} INFO - Started process (PID=468) to work on /opt/airflow/dags/extract2.py
[2025-01-12T18:26:16.238+0000] {processor.py:640} INFO - Processing file /opt/airflow/dags/extract2.py for tasks to queue
[2025-01-12T18:26:16.239+0000] {logging_mixin.py:115} INFO - [2025-01-12T18:26:16.238+0000] {dagbag.py:508} INFO - Filling up the DagBag from /opt/airflow/dags/extract2.py
[2025-01-12T18:26:16.322+0000] {processor.py:652} WARNING - No viable dags retrieved from /opt/airflow/dags/extract2.py
[2025-01-12T18:26:16.336+0000] {processor.py:161} INFO - Processing /opt/airflow/dags/extract2.py took 0.106 seconds
[2025-01-12T18:26:46.550+0000] {processor.py:153} INFO - Started process (PID=477) to work on /opt/airflow/dags/extract2.py
[2025-01-12T18:26:46.552+0000] {processor.py:640} INFO - Processing file /opt/airflow/dags/extract2.py for tasks to queue
[2025-01-12T18:26:46.553+0000] {logging_mixin.py:115} INFO - [2025-01-12T18:26:46.553+0000] {dagbag.py:508} INFO - Filling up the DagBag from /opt/airflow/dags/extract2.py
[2025-01-12T18:26:46.638+0000] {processor.py:652} WARNING - No viable dags retrieved from /opt/airflow/dags/extract2.py
[2025-01-12T18:26:46.650+0000] {processor.py:161} INFO - Processing /opt/airflow/dags/extract2.py took 0.106 seconds
[2025-01-12T18:27:17.011+0000] {processor.py:153} INFO - Started process (PID=488) to work on /opt/airflow/dags/extract2.py
[2025-01-12T18:27:17.019+0000] {processor.py:640} INFO - Processing file /opt/airflow/dags/extract2.py for tasks to queue
[2025-01-12T18:27:17.020+0000] {logging_mixin.py:115} INFO - [2025-01-12T18:27:17.020+0000] {dagbag.py:508} INFO - Filling up the DagBag from /opt/airflow/dags/extract2.py
[2025-01-12T18:27:17.120+0000] {processor.py:652} WARNING - No viable dags retrieved from /opt/airflow/dags/extract2.py
[2025-01-12T18:27:17.140+0000] {processor.py:161} INFO - Processing /opt/airflow/dags/extract2.py took 0.154 seconds
[2025-01-12T18:27:47.509+0000] {processor.py:153} INFO - Started process (PID=497) to work on /opt/airflow/dags/extract2.py
[2025-01-12T18:27:47.511+0000] {processor.py:640} INFO - Processing file /opt/airflow/dags/extract2.py for tasks to queue
[2025-01-12T18:27:47.512+0000] {logging_mixin.py:115} INFO - [2025-01-12T18:27:47.512+0000] {dagbag.py:508} INFO - Filling up the DagBag from /opt/airflow/dags/extract2.py
[2025-01-12T18:27:47.609+0000] {processor.py:652} WARNING - No viable dags retrieved from /opt/airflow/dags/extract2.py
[2025-01-12T18:27:47.625+0000] {processor.py:161} INFO - Processing /opt/airflow/dags/extract2.py took 0.123 seconds
[2025-01-12T18:28:17.907+0000] {processor.py:153} INFO - Started process (PID=507) to work on /opt/airflow/dags/extract2.py
[2025-01-12T18:28:17.908+0000] {processor.py:640} INFO - Processing file /opt/airflow/dags/extract2.py for tasks to queue
[2025-01-12T18:28:17.909+0000] {logging_mixin.py:115} INFO - [2025-01-12T18:28:17.909+0000] {dagbag.py:508} INFO - Filling up the DagBag from /opt/airflow/dags/extract2.py
[2025-01-12T18:28:18.008+0000] {processor.py:652} WARNING - No viable dags retrieved from /opt/airflow/dags/extract2.py
[2025-01-12T18:28:18.020+0000] {processor.py:161} INFO - Processing /opt/airflow/dags/extract2.py took 0.121 seconds
[2025-01-12T18:28:48.212+0000] {processor.py:153} INFO - Started process (PID=517) to work on /opt/airflow/dags/extract2.py
[2025-01-12T18:28:48.213+0000] {processor.py:640} INFO - Processing file /opt/airflow/dags/extract2.py for tasks to queue
[2025-01-12T18:28:48.216+0000] {logging_mixin.py:115} INFO - [2025-01-12T18:28:48.216+0000] {dagbag.py:508} INFO - Filling up the DagBag from /opt/airflow/dags/extract2.py
[2025-01-12T18:28:48.319+0000] {processor.py:652} WARNING - No viable dags retrieved from /opt/airflow/dags/extract2.py
[2025-01-12T18:28:48.331+0000] {processor.py:161} INFO - Processing /opt/airflow/dags/extract2.py took 0.126 seconds
[2025-01-12T18:29:18.610+0000] {processor.py:153} INFO - Started process (PID=527) to work on /opt/airflow/dags/extract2.py
[2025-01-12T18:29:18.612+0000] {processor.py:640} INFO - Processing file /opt/airflow/dags/extract2.py for tasks to queue
[2025-01-12T18:29:18.613+0000] {logging_mixin.py:115} INFO - [2025-01-12T18:29:18.613+0000] {dagbag.py:508} INFO - Filling up the DagBag from /opt/airflow/dags/extract2.py
[2025-01-12T18:29:18.717+0000] {processor.py:652} WARNING - No viable dags retrieved from /opt/airflow/dags/extract2.py
[2025-01-12T18:29:18.734+0000] {processor.py:161} INFO - Processing /opt/airflow/dags/extract2.py took 0.129 seconds
[2025-01-12T18:29:48.945+0000] {processor.py:153} INFO - Started process (PID=537) to work on /opt/airflow/dags/extract2.py
[2025-01-12T18:29:48.947+0000] {processor.py:640} INFO - Processing file /opt/airflow/dags/extract2.py for tasks to queue
[2025-01-12T18:29:48.947+0000] {logging_mixin.py:115} INFO - [2025-01-12T18:29:48.947+0000] {dagbag.py:508} INFO - Filling up the DagBag from /opt/airflow/dags/extract2.py
[2025-01-12T18:29:49.042+0000] {processor.py:652} WARNING - No viable dags retrieved from /opt/airflow/dags/extract2.py
[2025-01-12T18:29:49.055+0000] {processor.py:161} INFO - Processing /opt/airflow/dags/extract2.py took 0.117 seconds
[2025-01-12T18:30:19.468+0000] {processor.py:153} INFO - Started process (PID=598) to work on /opt/airflow/dags/extract2.py
[2025-01-12T18:30:19.475+0000] {processor.py:640} INFO - Processing file /opt/airflow/dags/extract2.py for tasks to queue
[2025-01-12T18:30:19.492+0000] {logging_mixin.py:115} INFO - [2025-01-12T18:30:19.491+0000] {dagbag.py:508} INFO - Filling up the DagBag from /opt/airflow/dags/extract2.py
[2025-01-12T18:30:19.659+0000] {processor.py:652} WARNING - No viable dags retrieved from /opt/airflow/dags/extract2.py
[2025-01-12T18:30:19.712+0000] {processor.py:161} INFO - Processing /opt/airflow/dags/extract2.py took 0.275 seconds
[2025-01-12T18:30:49.945+0000] {processor.py:153} INFO - Started process (PID=633) to work on /opt/airflow/dags/extract2.py
[2025-01-12T18:30:49.946+0000] {processor.py:640} INFO - Processing file /opt/airflow/dags/extract2.py for tasks to queue
[2025-01-12T18:30:49.947+0000] {logging_mixin.py:115} INFO - [2025-01-12T18:30:49.947+0000] {dagbag.py:508} INFO - Filling up the DagBag from /opt/airflow/dags/extract2.py
[2025-01-12T18:30:50.026+0000] {processor.py:652} WARNING - No viable dags retrieved from /opt/airflow/dags/extract2.py
[2025-01-12T18:30:50.047+0000] {processor.py:161} INFO - Processing /opt/airflow/dags/extract2.py took 0.109 seconds
[2025-01-12T18:31:20.355+0000] {processor.py:153} INFO - Started process (PID=643) to work on /opt/airflow/dags/extract2.py
[2025-01-12T18:31:20.357+0000] {processor.py:640} INFO - Processing file /opt/airflow/dags/extract2.py for tasks to queue
[2025-01-12T18:31:20.359+0000] {logging_mixin.py:115} INFO - [2025-01-12T18:31:20.359+0000] {dagbag.py:508} INFO - Filling up the DagBag from /opt/airflow/dags/extract2.py
[2025-01-12T18:31:20.426+0000] {processor.py:652} WARNING - No viable dags retrieved from /opt/airflow/dags/extract2.py
[2025-01-12T18:31:20.463+0000] {processor.py:161} INFO - Processing /opt/airflow/dags/extract2.py took 0.130 seconds
[2025-01-12T18:31:50.716+0000] {processor.py:153} INFO - Started process (PID=653) to work on /opt/airflow/dags/extract2.py
[2025-01-12T18:31:50.717+0000] {processor.py:640} INFO - Processing file /opt/airflow/dags/extract2.py for tasks to queue
[2025-01-12T18:31:50.718+0000] {logging_mixin.py:115} INFO - [2025-01-12T18:31:50.718+0000] {dagbag.py:508} INFO - Filling up the DagBag from /opt/airflow/dags/extract2.py
[2025-01-12T18:31:50.815+0000] {processor.py:652} WARNING - No viable dags retrieved from /opt/airflow/dags/extract2.py
[2025-01-12T18:31:50.833+0000] {processor.py:161} INFO - Processing /opt/airflow/dags/extract2.py took 0.123 seconds
[2025-01-12T18:32:21.061+0000] {processor.py:153} INFO - Started process (PID=663) to work on /opt/airflow/dags/extract2.py
[2025-01-12T18:32:21.062+0000] {processor.py:640} INFO - Processing file /opt/airflow/dags/extract2.py for tasks to queue
[2025-01-12T18:32:21.062+0000] {logging_mixin.py:115} INFO - [2025-01-12T18:32:21.062+0000] {dagbag.py:508} INFO - Filling up the DagBag from /opt/airflow/dags/extract2.py
[2025-01-12T18:32:21.148+0000] {processor.py:652} WARNING - No viable dags retrieved from /opt/airflow/dags/extract2.py
[2025-01-12T18:32:21.176+0000] {processor.py:161} INFO - Processing /opt/airflow/dags/extract2.py took 0.122 seconds
[2025-01-12T18:32:51.564+0000] {processor.py:153} INFO - Started process (PID=673) to work on /opt/airflow/dags/extract2.py
[2025-01-12T18:32:51.565+0000] {processor.py:640} INFO - Processing file /opt/airflow/dags/extract2.py for tasks to queue
[2025-01-12T18:32:51.566+0000] {logging_mixin.py:115} INFO - [2025-01-12T18:32:51.566+0000] {dagbag.py:508} INFO - Filling up the DagBag from /opt/airflow/dags/extract2.py
[2025-01-12T18:32:51.672+0000] {processor.py:652} WARNING - No viable dags retrieved from /opt/airflow/dags/extract2.py
[2025-01-12T18:32:51.712+0000] {processor.py:161} INFO - Processing /opt/airflow/dags/extract2.py took 0.153 seconds
[2025-01-12T18:33:21.960+0000] {processor.py:153} INFO - Started process (PID=683) to work on /opt/airflow/dags/extract2.py
[2025-01-12T18:33:21.961+0000] {processor.py:640} INFO - Processing file /opt/airflow/dags/extract2.py for tasks to queue
[2025-01-12T18:33:21.962+0000] {logging_mixin.py:115} INFO - [2025-01-12T18:33:21.962+0000] {dagbag.py:508} INFO - Filling up the DagBag from /opt/airflow/dags/extract2.py
[2025-01-12T18:33:22.027+0000] {processor.py:652} WARNING - No viable dags retrieved from /opt/airflow/dags/extract2.py
[2025-01-12T18:33:22.067+0000] {processor.py:161} INFO - Processing /opt/airflow/dags/extract2.py took 0.123 seconds
[2025-01-12T18:33:52.381+0000] {processor.py:153} INFO - Started process (PID=719) to work on /opt/airflow/dags/extract2.py
[2025-01-12T18:33:52.382+0000] {processor.py:640} INFO - Processing file /opt/airflow/dags/extract2.py for tasks to queue
[2025-01-12T18:33:52.383+0000] {logging_mixin.py:115} INFO - [2025-01-12T18:33:52.383+0000] {dagbag.py:508} INFO - Filling up the DagBag from /opt/airflow/dags/extract2.py
[2025-01-12T18:33:52.466+0000] {processor.py:652} WARNING - No viable dags retrieved from /opt/airflow/dags/extract2.py
[2025-01-12T18:33:52.483+0000] {processor.py:161} INFO - Processing /opt/airflow/dags/extract2.py took 0.108 seconds
[2025-01-12T18:34:22.978+0000] {processor.py:153} INFO - Started process (PID=734) to work on /opt/airflow/dags/extract2.py
[2025-01-12T18:34:22.980+0000] {processor.py:640} INFO - Processing file /opt/airflow/dags/extract2.py for tasks to queue
[2025-01-12T18:34:22.981+0000] {logging_mixin.py:115} INFO - [2025-01-12T18:34:22.981+0000] {dagbag.py:508} INFO - Filling up the DagBag from /opt/airflow/dags/extract2.py
[2025-01-12T18:34:23.182+0000] {processor.py:652} WARNING - No viable dags retrieved from /opt/airflow/dags/extract2.py
[2025-01-12T18:34:23.230+0000] {processor.py:161} INFO - Processing /opt/airflow/dags/extract2.py took 0.284 seconds
[2025-01-12T18:34:53.600+0000] {processor.py:153} INFO - Started process (PID=899) to work on /opt/airflow/dags/extract2.py
[2025-01-12T18:34:53.601+0000] {processor.py:640} INFO - Processing file /opt/airflow/dags/extract2.py for tasks to queue
[2025-01-12T18:34:53.602+0000] {logging_mixin.py:115} INFO - [2025-01-12T18:34:53.602+0000] {dagbag.py:508} INFO - Filling up the DagBag from /opt/airflow/dags/extract2.py
[2025-01-12T18:34:53.680+0000] {processor.py:652} WARNING - No viable dags retrieved from /opt/airflow/dags/extract2.py
[2025-01-12T18:34:53.701+0000] {processor.py:161} INFO - Processing /opt/airflow/dags/extract2.py took 0.122 seconds
[2025-01-12T18:35:23.932+0000] {processor.py:153} INFO - Started process (PID=1064) to work on /opt/airflow/dags/extract2.py
[2025-01-12T18:35:23.934+0000] {processor.py:640} INFO - Processing file /opt/airflow/dags/extract2.py for tasks to queue
[2025-01-12T18:35:23.934+0000] {logging_mixin.py:115} INFO - [2025-01-12T18:35:23.934+0000] {dagbag.py:508} INFO - Filling up the DagBag from /opt/airflow/dags/extract2.py
[2025-01-12T18:35:24.007+0000] {processor.py:652} WARNING - No viable dags retrieved from /opt/airflow/dags/extract2.py
[2025-01-12T18:35:24.031+0000] {processor.py:161} INFO - Processing /opt/airflow/dags/extract2.py took 0.105 seconds
[2025-01-12T18:35:54.365+0000] {processor.py:153} INFO - Started process (PID=1074) to work on /opt/airflow/dags/extract2.py
[2025-01-12T18:35:54.367+0000] {processor.py:640} INFO - Processing file /opt/airflow/dags/extract2.py for tasks to queue
[2025-01-12T18:35:54.368+0000] {logging_mixin.py:115} INFO - [2025-01-12T18:35:54.368+0000] {dagbag.py:508} INFO - Filling up the DagBag from /opt/airflow/dags/extract2.py
[2025-01-12T18:35:54.449+0000] {processor.py:652} WARNING - No viable dags retrieved from /opt/airflow/dags/extract2.py
[2025-01-12T18:35:54.469+0000] {processor.py:161} INFO - Processing /opt/airflow/dags/extract2.py took 0.111 seconds
[2025-01-12T18:36:24.710+0000] {processor.py:153} INFO - Started process (PID=1084) to work on /opt/airflow/dags/extract2.py
[2025-01-12T18:36:24.711+0000] {processor.py:640} INFO - Processing file /opt/airflow/dags/extract2.py for tasks to queue
[2025-01-12T18:36:24.712+0000] {logging_mixin.py:115} INFO - [2025-01-12T18:36:24.712+0000] {dagbag.py:508} INFO - Filling up the DagBag from /opt/airflow/dags/extract2.py
[2025-01-12T18:36:24.808+0000] {processor.py:652} WARNING - No viable dags retrieved from /opt/airflow/dags/extract2.py
[2025-01-12T18:36:24.824+0000] {processor.py:161} INFO - Processing /opt/airflow/dags/extract2.py took 0.122 seconds
[2025-01-12T18:36:55.169+0000] {processor.py:153} INFO - Started process (PID=1094) to work on /opt/airflow/dags/extract2.py
[2025-01-12T18:36:55.170+0000] {processor.py:640} INFO - Processing file /opt/airflow/dags/extract2.py for tasks to queue
[2025-01-12T18:36:55.171+0000] {logging_mixin.py:115} INFO - [2025-01-12T18:36:55.171+0000] {dagbag.py:508} INFO - Filling up the DagBag from /opt/airflow/dags/extract2.py
[2025-01-12T18:36:55.256+0000] {processor.py:652} WARNING - No viable dags retrieved from /opt/airflow/dags/extract2.py
[2025-01-12T18:36:55.276+0000] {processor.py:161} INFO - Processing /opt/airflow/dags/extract2.py took 0.115 seconds
[2025-01-12T18:37:25.659+0000] {processor.py:153} INFO - Started process (PID=1104) to work on /opt/airflow/dags/extract2.py
[2025-01-12T18:37:25.664+0000] {processor.py:640} INFO - Processing file /opt/airflow/dags/extract2.py for tasks to queue
[2025-01-12T18:37:25.679+0000] {logging_mixin.py:115} INFO - [2025-01-12T18:37:25.678+0000] {dagbag.py:508} INFO - Filling up the DagBag from /opt/airflow/dags/extract2.py
[2025-01-12T18:37:25.815+0000] {processor.py:652} WARNING - No viable dags retrieved from /opt/airflow/dags/extract2.py
[2025-01-12T18:37:25.846+0000] {processor.py:161} INFO - Processing /opt/airflow/dags/extract2.py took 0.195 seconds
