[2025-01-12T18:34:27.557+0000] {taskinstance.py:1171} INFO - Dependencies all met for <TaskInstance: coin_scrapper2.echo_path manual__2025-01-12T18:34:25.534741+00:00 [queued]>
[2025-01-12T18:34:27.563+0000] {taskinstance.py:1171} INFO - Dependencies all met for <TaskInstance: coin_scrapper2.echo_path manual__2025-01-12T18:34:25.534741+00:00 [queued]>
[2025-01-12T18:34:27.563+0000] {taskinstance.py:1368} INFO - 
--------------------------------------------------------------------------------
[2025-01-12T18:34:27.563+0000] {taskinstance.py:1369} INFO - Starting attempt 1 of 2
[2025-01-12T18:34:27.563+0000] {taskinstance.py:1370} INFO - 
--------------------------------------------------------------------------------
[2025-01-12T18:34:27.571+0000] {taskinstance.py:1389} INFO - Executing <Task(BashOperator): echo_path> on 2025-01-12 18:34:25.534741+00:00
[2025-01-12T18:34:27.574+0000] {standard_task_runner.py:52} INFO - Started process 744 to run task
[2025-01-12T18:34:27.576+0000] {standard_task_runner.py:79} INFO - Running: ['***', 'tasks', 'run', 'coin_scrapper2', 'echo_path', 'manual__2025-01-12T18:34:25.534741+00:00', '--job-id', '48', '--raw', '--subdir', 'DAGS_FOLDER/AirflowCrypto2.py', '--cfg-path', '/tmp/tmp4ix6pbwd', '--error-file', '/tmp/tmpzit1w6kk']
[2025-01-12T18:34:27.577+0000] {standard_task_runner.py:80} INFO - Job 48: Subtask echo_path
[2025-01-12T18:34:27.616+0000] {task_command.py:371} INFO - Running <TaskInstance: coin_scrapper2.echo_path manual__2025-01-12T18:34:25.534741+00:00 [running]> on host a71d0af9bc73
[2025-01-12T18:34:27.684+0000] {taskinstance.py:1583} INFO - Exporting the following env vars:
AIRFLOW_CTX_DAG_OWNER=terry
AIRFLOW_CTX_DAG_ID=coin_scrapper2
AIRFLOW_CTX_TASK_ID=echo_path
AIRFLOW_CTX_EXECUTION_DATE=2025-01-12T18:34:25.534741+00:00
AIRFLOW_CTX_TRY_NUMBER=1
AIRFLOW_CTX_DAG_RUN_ID=manual__2025-01-12T18:34:25.534741+00:00
[2025-01-12T18:34:27.686+0000] {subprocess.py:62} INFO - Tmp dir root location: 
 /tmp
[2025-01-12T18:34:27.688+0000] {subprocess.py:74} INFO - Running command: ['/bin/bash', '-c', 'sudo -u *** python -c "from pyspark.sql import SparkSession; spark = SparkSession.builder.getOrCreate()"']
[2025-01-12T18:34:27.698+0000] {subprocess.py:85} INFO - Output:
[2025-01-12T18:34:29.671+0000] {subprocess.py:92} INFO - WARNING: An illegal reflective access operation has occurred
[2025-01-12T18:34:29.673+0000] {subprocess.py:92} INFO - WARNING: Illegal reflective access by org.apache.spark.unsafe.Platform (file:/home/***/.local/lib/python3.7/site-packages/pyspark/jars/spark-unsafe_2.12-3.1.2.jar) to constructor java.nio.DirectByteBuffer(long,int)
[2025-01-12T18:34:29.673+0000] {subprocess.py:92} INFO - WARNING: Please consider reporting this to the maintainers of org.apache.spark.unsafe.Platform
[2025-01-12T18:34:29.673+0000] {subprocess.py:92} INFO - WARNING: Use --illegal-access=warn to enable warnings of further illegal reflective access operations
[2025-01-12T18:34:29.673+0000] {subprocess.py:92} INFO - WARNING: All illegal access operations will be denied in a future release
[2025-01-12T18:34:30.004+0000] {subprocess.py:92} INFO - 25/01/12 18:34:30 WARN NativeCodeLoader: Unable to load native-hadoop library for your platform... using builtin-java classes where applicable
[2025-01-12T18:34:30.124+0000] {subprocess.py:92} INFO - Using Spark's default log4j profile: org/apache/spark/log4j-defaults.properties
[2025-01-12T18:34:30.124+0000] {subprocess.py:92} INFO - Setting default log level to "WARN".
[2025-01-12T18:34:30.124+0000] {subprocess.py:92} INFO - To adjust logging level use sc.setLogLevel(newLevel). For SparkR, use setLogLevel(newLevel).
[2025-01-12T18:34:31.873+0000] {subprocess.py:96} INFO - Command exited with return code 0
[2025-01-12T18:34:31.928+0000] {taskinstance.py:1412} INFO - Marking task as SUCCESS. dag_id=coin_scrapper2, task_id=echo_path, execution_date=20250112T183425, start_date=20250112T183427, end_date=20250112T183431
[2025-01-12T18:34:31.947+0000] {local_task_job.py:156} INFO - Task exited with return code 0
[2025-01-12T18:34:31.984+0000] {local_task_job.py:279} INFO - 0 downstream tasks scheduled from follow-on schedule check
