[2025-01-12T18:30:00.885+0000] {taskinstance.py:1171} INFO - Dependencies all met for <TaskInstance: coin_scrapper2.echo_java scheduled__2025-01-12T18:25:00+00:00 [queued]>
[2025-01-12T18:30:00.890+0000] {taskinstance.py:1171} INFO - Dependencies all met for <TaskInstance: coin_scrapper2.echo_java scheduled__2025-01-12T18:25:00+00:00 [queued]>
[2025-01-12T18:30:00.891+0000] {taskinstance.py:1368} INFO - 
--------------------------------------------------------------------------------
[2025-01-12T18:30:00.891+0000] {taskinstance.py:1369} INFO - Starting attempt 1 of 2
[2025-01-12T18:30:00.891+0000] {taskinstance.py:1370} INFO - 
--------------------------------------------------------------------------------
[2025-01-12T18:30:00.897+0000] {taskinstance.py:1389} INFO - Executing <Task(BashOperator): echo_java> on 2025-01-12 18:25:00+00:00
[2025-01-12T18:30:00.901+0000] {standard_task_runner.py:52} INFO - Started process 547 to run task
[2025-01-12T18:30:00.904+0000] {standard_task_runner.py:79} INFO - Running: ['***', 'tasks', 'run', 'coin_scrapper2', 'echo_java', 'scheduled__2025-01-12T18:25:00+00:00', '--job-id', '40', '--raw', '--subdir', 'DAGS_FOLDER/AirflowCrypto2.py', '--cfg-path', '/tmp/tmpyeaak8rs', '--error-file', '/tmp/tmpxklgsw63']
[2025-01-12T18:30:00.905+0000] {standard_task_runner.py:80} INFO - Job 40: Subtask echo_java
[2025-01-12T18:30:00.956+0000] {task_command.py:371} INFO - Running <TaskInstance: coin_scrapper2.echo_java scheduled__2025-01-12T18:25:00+00:00 [running]> on host a71d0af9bc73
[2025-01-12T18:30:00.995+0000] {taskinstance.py:1583} INFO - Exporting the following env vars:
AIRFLOW_CTX_DAG_OWNER=terry
AIRFLOW_CTX_DAG_ID=coin_scrapper2
AIRFLOW_CTX_TASK_ID=echo_java
AIRFLOW_CTX_EXECUTION_DATE=2025-01-12T18:25:00+00:00
AIRFLOW_CTX_TRY_NUMBER=1
AIRFLOW_CTX_DAG_RUN_ID=scheduled__2025-01-12T18:25:00+00:00
[2025-01-12T18:30:00.996+0000] {subprocess.py:62} INFO - Tmp dir root location: 
 /tmp
[2025-01-12T18:30:00.997+0000] {subprocess.py:74} INFO - Running command: ['/bin/bash', '-c', 'echo $JAVA_HOME']
[2025-01-12T18:30:01.002+0000] {subprocess.py:85} INFO - Output:
[2025-01-12T18:30:01.005+0000] {subprocess.py:92} INFO - /usr/lib/jvm/java-11-openjdk-amd64
[2025-01-12T18:30:01.005+0000] {subprocess.py:96} INFO - Command exited with return code 0
[2025-01-12T18:30:01.021+0000] {taskinstance.py:1412} INFO - Marking task as SUCCESS. dag_id=coin_scrapper2, task_id=echo_java, execution_date=20250112T182500, start_date=20250112T183000, end_date=20250112T183001
[2025-01-12T18:30:01.045+0000] {local_task_job.py:156} INFO - Task exited with return code 0
[2025-01-12T18:30:01.070+0000] {local_task_job.py:279} INFO - 1 downstream tasks scheduled from follow-on schedule check
