[2025-01-12T17:29:53.996+0000] {manager.py:480} INFO - Processing files using up to 2 processes at a time 
[2025-01-12T17:29:53.999+0000] {manager.py:481} INFO - Process each file at most once every 30 seconds
[2025-01-12T17:29:54.001+0000] {manager.py:483} INFO - Checking for new files in /opt/airflow/dags every 300 seconds
[2025-01-12T17:29:54.002+0000] {manager.py:709} INFO - Searching for files in /opt/airflow/dags
[2025-01-12T17:29:54.032+0000] {manager.py:712} INFO - There are 2 files in /opt/airflow/dags
[2025-01-12T17:29:54.187+0000] {manager.py:828} INFO - 
================================================================================
DAG File Processing Stats

File Path                              PID  Runtime      # DAGs    # Errors  Last Runtime    Last Run
-----------------------------------  -----  ---------  --------  ----------  --------------  ----------
/opt/airflow/dags/extract2.py          189  0.06s             0           0
/opt/airflow/dags/AirflowCrypto2.py    186  0.07s             0           0
================================================================================
[2025-01-12T17:30:24.630+0000] {manager.py:828} INFO - 
================================================================================
DAG File Processing Stats

File Path                              PID  Runtime      # DAGs    # Errors  Last Runtime    Last Run
-----------------------------------  -----  ---------  --------  ----------  --------------  -------------------
/opt/airflow/dags/extract2.py          236  0.00s             0           0  0.25s           2025-01-12T17:29:54
/opt/airflow/dags/AirflowCrypto2.py    235  0.01s             1           0  0.34s           2025-01-12T17:29:54
================================================================================
[2025-01-12T17:30:55.000+0000] {manager.py:828} INFO - 
================================================================================
DAG File Processing Stats

File Path                              PID  Runtime      # DAGs    # Errors  Last Runtime    Last Run
-----------------------------------  -----  ---------  --------  ----------  --------------  -------------------
/opt/airflow/dags/extract2.py                                 0           0  0.35s           2025-01-12T17:30:24
/opt/airflow/dags/AirflowCrypto2.py    245  0.05s             1           0  0.16s           2025-01-12T17:30:24
================================================================================
[2025-01-12T17:31:25.416+0000] {manager.py:828} INFO - 
================================================================================
DAG File Processing Stats

File Path                              PID  Runtime      # DAGs    # Errors  Last Runtime    Last Run
-----------------------------------  -----  ---------  --------  ----------  --------------  -------------------
/opt/airflow/dags/extract2.py          257  0.01s             0           0  0.08s           2025-01-12T17:30:55
/opt/airflow/dags/AirflowCrypto2.py    255  0.04s             1           0  0.16s           2025-01-12T17:30:55
================================================================================
[2025-01-12T17:31:55.923+0000] {manager.py:828} INFO - 
================================================================================
DAG File Processing Stats

File Path                              PID  Runtime      # DAGs    # Errors  Last Runtime    Last Run
-----------------------------------  -----  ---------  --------  ----------  --------------  -------------------
/opt/airflow/dags/extract2.py          268  0.01s             0           0  0.20s           2025-01-12T17:31:25
/opt/airflow/dags/AirflowCrypto2.py    265  0.05s             1           0  0.25s           2025-01-12T17:31:25
================================================================================
[2025-01-12T17:32:26.484+0000] {manager.py:828} INFO - 
================================================================================
DAG File Processing Stats

File Path                              PID  Runtime      # DAGs    # Errors  Last Runtime    Last Run
-----------------------------------  -----  ---------  --------  ----------  --------------  -------------------
/opt/airflow/dags/extract2.py          276  0.01s             0           0  0.18s           2025-01-12T17:31:56
/opt/airflow/dags/AirflowCrypto2.py    275  0.07s             1           0  0.22s           2025-01-12T17:31:56
================================================================================
[2025-01-12T17:32:43.380+0000] {manager.py:462} INFO - Exiting gracefully upon receiving signal 15
[2025-01-12T17:36:44.321+0000] {manager.py:480} INFO - Processing files using up to 2 processes at a time 
[2025-01-12T17:36:44.324+0000] {manager.py:481} INFO - Process each file at most once every 30 seconds
[2025-01-12T17:36:44.324+0000] {manager.py:483} INFO - Checking for new files in /opt/airflow/dags every 300 seconds
[2025-01-12T17:36:44.324+0000] {manager.py:709} INFO - Searching for files in /opt/airflow/dags
[2025-01-12T17:36:44.333+0000] {manager.py:712} INFO - There are 2 files in /opt/airflow/dags
[2025-01-12T17:36:44.434+0000] {manager.py:828} INFO - 
================================================================================
DAG File Processing Stats

File Path                              PID  Runtime      # DAGs    # Errors  Last Runtime    Last Run
-----------------------------------  -----  ---------  --------  ----------  --------------  ----------
/opt/airflow/dags/extract2.py          196  0.02s             0           0
/opt/airflow/dags/AirflowCrypto2.py    194  0.03s             0           0
================================================================================
[2025-01-12T17:37:14.935+0000] {manager.py:828} INFO - 
================================================================================
DAG File Processing Stats

File Path                              PID  Runtime      # DAGs    # Errors  Last Runtime    Last Run
-----------------------------------  -----  ---------  --------  ----------  --------------  -------------------
/opt/airflow/dags/extract2.py          206  0.02s             0           0  0.23s           2025-01-12T17:36:44
/opt/airflow/dags/AirflowCrypto2.py    205  0.07s             1           0  0.34s           2025-01-12T17:36:44
================================================================================
[2025-01-12T17:37:45.591+0000] {manager.py:828} INFO - 
================================================================================
DAG File Processing Stats

File Path                              PID  Runtime      # DAGs    # Errors  Last Runtime    Last Run
-----------------------------------  -----  ---------  --------  ----------  --------------  -------------------
/opt/airflow/dags/extract2.py          239  0.01s             0           0  0.29s           2025-01-12T17:37:15
/opt/airflow/dags/AirflowCrypto2.py    237  0.04s             1           0  0.32s           2025-01-12T17:37:15
================================================================================
[2025-01-12T17:38:16.059+0000] {manager.py:828} INFO - 
================================================================================
DAG File Processing Stats

File Path                              PID  Runtime      # DAGs    # Errors  Last Runtime    Last Run
-----------------------------------  -----  ---------  --------  ----------  --------------  -------------------
/opt/airflow/dags/extract2.py          250  0.01s             0           0  0.20s           2025-01-12T17:37:45
/opt/airflow/dags/AirflowCrypto2.py    247  0.04s             1           0  0.22s           2025-01-12T17:37:45
================================================================================
[2025-01-12T17:38:46.471+0000] {manager.py:828} INFO - 
================================================================================
DAG File Processing Stats

File Path                              PID  Runtime      # DAGs    # Errors  Last Runtime    Last Run
-----------------------------------  -----  ---------  --------  ----------  --------------  -------------------
/opt/airflow/dags/extract2.py                                 0           0  0.14s           2025-01-12T17:38:19
/opt/airflow/dags/AirflowCrypto2.py    284  0.02s             1           0  0.16s           2025-01-12T17:38:16
================================================================================
[2025-01-12T17:39:16.903+0000] {manager.py:828} INFO - 
================================================================================
DAG File Processing Stats

File Path                              PID  Runtime      # DAGs    # Errors  Last Runtime    Last Run
-----------------------------------  -----  ---------  --------  ----------  --------------  -------------------
/opt/airflow/dags/extract2.py                                 0           0  0.09s           2025-01-12T17:38:49
/opt/airflow/dags/AirflowCrypto2.py    294  0.03s             1           0  0.12s           2025-01-12T17:38:46
================================================================================
[2025-01-12T17:39:47.354+0000] {manager.py:828} INFO - 
================================================================================
DAG File Processing Stats

File Path                              PID  Runtime      # DAGs    # Errors  Last Runtime    Last Run
-----------------------------------  -----  ---------  --------  ----------  --------------  -------------------
/opt/airflow/dags/extract2.py                                 0           0  0.10s           2025-01-12T17:39:20
/opt/airflow/dags/AirflowCrypto2.py    304  0.02s             1           0  0.13s           2025-01-12T17:39:17
================================================================================
[2025-01-12T17:40:17.755+0000] {manager.py:828} INFO - 
================================================================================
DAG File Processing Stats

File Path                              PID  Runtime      # DAGs    # Errors  Last Runtime    Last Run
-----------------------------------  -----  ---------  --------  ----------  --------------  -------------------
/opt/airflow/dags/extract2.py                                 0           0  0.19s           2025-01-12T17:39:50
/opt/airflow/dags/AirflowCrypto2.py    346  0.01s             1           0  0.17s           2025-01-12T17:39:47
================================================================================
[2025-01-12T17:40:48.050+0000] {manager.py:828} INFO - 
================================================================================
DAG File Processing Stats

File Path                              PID  Runtime      # DAGs    # Errors  Last Runtime    Last Run
-----------------------------------  -----  ---------  --------  ----------  --------------  -------------------
/opt/airflow/dags/extract2.py                                 0           0  0.10s           2025-01-12T17:40:20
/opt/airflow/dags/AirflowCrypto2.py    368  0.01s             1           0  0.11s           2025-01-12T17:40:17
================================================================================
[2025-01-12T17:41:18.415+0000] {manager.py:828} INFO - 
================================================================================
DAG File Processing Stats

File Path                              PID  Runtime      # DAGs    # Errors  Last Runtime    Last Run
-----------------------------------  -----  ---------  --------  ----------  --------------  -------------------
/opt/airflow/dags/extract2.py                                 0           0  0.13s           2025-01-12T17:40:51
/opt/airflow/dags/AirflowCrypto2.py    399  0.02s             1           0  0.12s           2025-01-12T17:40:48
================================================================================
[2025-01-12T17:41:44.636+0000] {manager.py:709} INFO - Searching for files in /opt/airflow/dags
[2025-01-12T17:41:44.666+0000] {manager.py:712} INFO - There are 2 files in /opt/airflow/dags
[2025-01-12T17:41:48.746+0000] {manager.py:828} INFO - 
================================================================================
DAG File Processing Stats

File Path                              PID  Runtime      # DAGs    # Errors  Last Runtime    Last Run
-----------------------------------  -----  ---------  --------  ----------  --------------  -------------------
/opt/airflow/dags/extract2.py                                 0           0  0.09s           2025-01-12T17:41:21
/opt/airflow/dags/AirflowCrypto2.py    409  0.02s             1           0  0.15s           2025-01-12T17:41:18
================================================================================
[2025-01-12T17:42:19.062+0000] {manager.py:828} INFO - 
================================================================================
DAG File Processing Stats

File Path                              PID  Runtime      # DAGs    # Errors  Last Runtime    Last Run
-----------------------------------  -----  ---------  --------  ----------  --------------  -------------------
/opt/airflow/dags/extract2.py                                 0           0  0.09s           2025-01-12T17:41:51
/opt/airflow/dags/AirflowCrypto2.py    419  0.02s             1           0  0.13s           2025-01-12T17:41:48
================================================================================
[2025-01-12T17:42:49.641+0000] {manager.py:828} INFO - 
================================================================================
DAG File Processing Stats

File Path                              PID  Runtime      # DAGs    # Errors  Last Runtime    Last Run
-----------------------------------  -----  ---------  --------  ----------  --------------  -------------------
/opt/airflow/dags/extract2.py                                 0           0  0.17s           2025-01-12T17:42:22
/opt/airflow/dags/AirflowCrypto2.py    429  0.01s             1           0  0.13s           2025-01-12T17:42:19
================================================================================
[2025-01-12T17:43:20.053+0000] {manager.py:828} INFO - 
================================================================================
DAG File Processing Stats

File Path                              PID  Runtime      # DAGs    # Errors  Last Runtime    Last Run
-----------------------------------  -----  ---------  --------  ----------  --------------  -------------------
/opt/airflow/dags/extract2.py                                 0           0  0.17s           2025-01-12T17:42:52
/opt/airflow/dags/AirflowCrypto2.py    439  0.02s             1           0  0.17s           2025-01-12T17:42:49
================================================================================
[2025-01-12T17:43:50.334+0000] {manager.py:828} INFO - 
================================================================================
DAG File Processing Stats

File Path                              PID  Runtime      # DAGs    # Errors  Last Runtime    Last Run
-----------------------------------  -----  ---------  --------  ----------  --------------  -------------------
/opt/airflow/dags/extract2.py                                 0           0  0.09s           2025-01-12T17:43:23
/opt/airflow/dags/AirflowCrypto2.py    471  0.03s             1           0  0.13s           2025-01-12T17:43:20
================================================================================
[2025-01-12T17:44:20.623+0000] {manager.py:828} INFO - 
================================================================================
DAG File Processing Stats

File Path                              PID  Runtime      # DAGs    # Errors  Last Runtime    Last Run
-----------------------------------  -----  ---------  --------  ----------  --------------  -------------------
/opt/airflow/dags/extract2.py                                 0           0  0.11s           2025-01-12T17:43:53
/opt/airflow/dags/AirflowCrypto2.py    481  0.03s             1           0  0.16s           2025-01-12T17:43:50
================================================================================
[2025-01-12T17:44:50.954+0000] {manager.py:828} INFO - 
================================================================================
DAG File Processing Stats

File Path                              PID  Runtime      # DAGs    # Errors  Last Runtime    Last Run
-----------------------------------  -----  ---------  --------  ----------  --------------  -------------------
/opt/airflow/dags/extract2.py                                 0           0  0.19s           2025-01-12T17:44:23
/opt/airflow/dags/AirflowCrypto2.py    491  0.02s             1           0  0.16s           2025-01-12T17:44:20
================================================================================
[2025-01-12T17:45:21.292+0000] {manager.py:828} INFO - 
================================================================================
DAG File Processing Stats

File Path                              PID  Runtime      # DAGs    # Errors  Last Runtime    Last Run
-----------------------------------  -----  ---------  --------  ----------  --------------  -------------------
/opt/airflow/dags/extract2.py                                 0           0  0.10s           2025-01-12T17:44:54
/opt/airflow/dags/AirflowCrypto2.py    545  0.04s             1           0  0.13s           2025-01-12T17:44:51
================================================================================
[2025-01-12T17:45:51.822+0000] {manager.py:828} INFO - 
================================================================================
DAG File Processing Stats

File Path                              PID  Runtime      # DAGs    # Errors  Last Runtime    Last Run
-----------------------------------  -----  ---------  --------  ----------  --------------  -------------------
/opt/airflow/dags/extract2.py                                 0           0  0.09s           2025-01-12T17:45:35
/opt/airflow/dags/AirflowCrypto2.py    587  0.01s             1           0  0.16s           2025-01-12T17:45:21
================================================================================
[2025-01-12T17:46:22.205+0000] {manager.py:828} INFO - 
================================================================================
DAG File Processing Stats

File Path                              PID  Runtime      # DAGs    # Errors  Last Runtime    Last Run
-----------------------------------  -----  ---------  --------  ----------  --------------  -------------------
/opt/airflow/dags/extract2.py                                 0           0  0.17s           2025-01-12T17:46:06
/opt/airflow/dags/AirflowCrypto2.py    597  0.02s             1           0  0.16s           2025-01-12T17:45:51
================================================================================
[2025-01-12T17:46:45.510+0000] {manager.py:709} INFO - Searching for files in /opt/airflow/dags
[2025-01-12T17:46:45.521+0000] {manager.py:712} INFO - There are 2 files in /opt/airflow/dags
[2025-01-12T17:46:52.621+0000] {manager.py:828} INFO - 
================================================================================
DAG File Processing Stats

File Path                              PID  Runtime      # DAGs    # Errors  Last Runtime    Last Run
-----------------------------------  -----  ---------  --------  ----------  --------------  -------------------
/opt/airflow/dags/extract2.py                                 0           0  0.18s           2025-01-12T17:46:36
/opt/airflow/dags/AirflowCrypto2.py    607  0.03s             1           0  0.16s           2025-01-12T17:46:22
================================================================================
[2025-01-12T17:47:23.010+0000] {manager.py:828} INFO - 
================================================================================
DAG File Processing Stats

File Path                              PID  Runtime      # DAGs    # Errors  Last Runtime    Last Run
-----------------------------------  -----  ---------  --------  ----------  --------------  -------------------
/opt/airflow/dags/extract2.py                                 0           0  0.19s           2025-01-12T17:47:06
/opt/airflow/dags/AirflowCrypto2.py    617  0.05s             1           0  0.17s           2025-01-12T17:46:52
================================================================================
[2025-01-12T17:47:53.363+0000] {manager.py:828} INFO - 
================================================================================
DAG File Processing Stats

File Path                              PID  Runtime      # DAGs    # Errors  Last Runtime    Last Run
-----------------------------------  -----  ---------  --------  ----------  --------------  -------------------
/opt/airflow/dags/extract2.py                                 0           0  0.17s           2025-01-12T17:47:37
/opt/airflow/dags/AirflowCrypto2.py    627  0.02s             1           0  0.18s           2025-01-12T17:47:23
================================================================================
[2025-01-12T17:48:23.795+0000] {manager.py:828} INFO - 
================================================================================
DAG File Processing Stats

File Path                              PID  Runtime      # DAGs    # Errors  Last Runtime    Last Run
-----------------------------------  -----  ---------  --------  ----------  --------------  -------------------
/opt/airflow/dags/extract2.py                                 0           0  0.17s           2025-01-12T17:48:07
/opt/airflow/dags/AirflowCrypto2.py    637  0.02s             1           0  0.13s           2025-01-12T17:47:53
================================================================================
[2025-01-12T17:48:54.183+0000] {manager.py:828} INFO - 
================================================================================
DAG File Processing Stats

File Path                              PID  Runtime      # DAGs    # Errors  Last Runtime    Last Run
-----------------------------------  -----  ---------  --------  ----------  --------------  -------------------
/opt/airflow/dags/extract2.py                                 0           0  0.18s           2025-01-12T17:48:38
/opt/airflow/dags/AirflowCrypto2.py    647  0.02s             1           0  0.16s           2025-01-12T17:48:23
================================================================================
[2025-01-12T17:49:24.519+0000] {manager.py:828} INFO - 
================================================================================
DAG File Processing Stats

File Path                              PID  Runtime      # DAGs    # Errors  Last Runtime    Last Run
-----------------------------------  -----  ---------  --------  ----------  --------------  -------------------
/opt/airflow/dags/extract2.py                                 0           0  0.14s           2025-01-12T17:49:08
/opt/airflow/dags/AirflowCrypto2.py    657  0.01s             1           0  0.15s           2025-01-12T17:48:54
================================================================================
[2025-01-12T17:49:54.867+0000] {manager.py:828} INFO - 
================================================================================
DAG File Processing Stats

File Path                              PID  Runtime      # DAGs    # Errors  Last Runtime    Last Run
-----------------------------------  -----  ---------  --------  ----------  --------------  -------------------
/opt/airflow/dags/extract2.py                                 0           0  0.21s           2025-01-12T17:49:38
/opt/airflow/dags/AirflowCrypto2.py    667  0.03s             1           0  0.16s           2025-01-12T17:49:24
================================================================================
[2025-01-12T17:50:25.360+0000] {manager.py:828} INFO - 
================================================================================
DAG File Processing Stats

File Path                              PID  Runtime      # DAGs    # Errors  Last Runtime    Last Run
-----------------------------------  -----  ---------  --------  ----------  --------------  -------------------
/opt/airflow/dags/extract2.py                                 0           0  0.15s           2025-01-12T17:50:09
/opt/airflow/dags/AirflowCrypto2.py    721  0.05s             1           0  0.24s           2025-01-12T17:49:55
================================================================================
[2025-01-12T17:50:55.801+0000] {manager.py:828} INFO - 
================================================================================
DAG File Processing Stats

File Path                              PID  Runtime      # DAGs    # Errors  Last Runtime    Last Run
-----------------------------------  -----  ---------  --------  ----------  --------------  -------------------
/opt/airflow/dags/extract2.py          753  0.03s             0           0  0.17s           2025-01-12T17:50:39
/opt/airflow/dags/AirflowCrypto2.py    754  0.01s             1           0  0.21s           2025-01-12T17:50:25
================================================================================
[2025-01-12T17:51:26.162+0000] {manager.py:828} INFO - 
================================================================================
DAG File Processing Stats

File Path                              PID  Runtime      # DAGs    # Errors  Last Runtime    Last Run
-----------------------------------  -----  ---------  --------  ----------  --------------  -------------------
/opt/airflow/dags/extract2.py          763  0.03s             0           0  0.16s           2025-01-12T17:50:55
/opt/airflow/dags/AirflowCrypto2.py    764  0.00s             1           0  0.14s           2025-01-12T17:50:55
================================================================================
[2025-01-12T17:51:46.317+0000] {manager.py:709} INFO - Searching for files in /opt/airflow/dags
[2025-01-12T17:51:46.330+0000] {manager.py:712} INFO - There are 2 files in /opt/airflow/dags
[2025-01-12T17:51:56.461+0000] {manager.py:828} INFO - 
================================================================================
DAG File Processing Stats

File Path                              PID  Runtime      # DAGs    # Errors  Last Runtime    Last Run
-----------------------------------  -----  ---------  --------  ----------  --------------  -------------------
/opt/airflow/dags/extract2.py          773  0.03s             0           0  0.17s           2025-01-12T17:51:26
/opt/airflow/dags/AirflowCrypto2.py    776  0.01s             1           0  0.14s           2025-01-12T17:51:26
================================================================================
[2025-01-12T17:52:26.833+0000] {manager.py:828} INFO - 
================================================================================
DAG File Processing Stats

File Path                              PID  Runtime      # DAGs    # Errors  Last Runtime    Last Run
-----------------------------------  -----  ---------  --------  ----------  --------------  -------------------
/opt/airflow/dags/extract2.py          783  0.07s             0           0  0.13s           2025-01-12T17:51:56
/opt/airflow/dags/AirflowCrypto2.py    785  0.01s             1           0  0.11s           2025-01-12T17:51:56
================================================================================
[2025-01-12T17:52:32.721+0000] {manager.py:462} INFO - Exiting gracefully upon receiving signal 15
[2025-01-12T17:53:01.781+0000] {manager.py:480} INFO - Processing files using up to 2 processes at a time 
[2025-01-12T17:53:01.784+0000] {manager.py:481} INFO - Process each file at most once every 30 seconds
[2025-01-12T17:53:01.784+0000] {manager.py:483} INFO - Checking for new files in /opt/airflow/dags every 300 seconds
[2025-01-12T17:53:01.786+0000] {manager.py:709} INFO - Searching for files in /opt/airflow/dags
[2025-01-12T17:53:01.800+0000] {manager.py:712} INFO - There are 2 files in /opt/airflow/dags
[2025-01-12T17:53:01.870+0000] {manager.py:828} INFO - 
================================================================================
DAG File Processing Stats

File Path                              PID  Runtime      # DAGs    # Errors  Last Runtime    Last Run
-----------------------------------  -----  ---------  --------  ----------  --------------  ----------
/opt/airflow/dags/extract2.py          194  0.02s             0           0
/opt/airflow/dags/AirflowCrypto2.py    195  0.01s             0           0
================================================================================
[2025-01-12T17:53:32.277+0000] {manager.py:828} INFO - 
================================================================================
DAG File Processing Stats

File Path                              PID  Runtime      # DAGs    # Errors  Last Runtime    Last Run
-----------------------------------  -----  ---------  --------  ----------  --------------  -------------------
/opt/airflow/dags/extract2.py          206  0.02s             0           0  0.24s           2025-01-12T17:53:02
/opt/airflow/dags/AirflowCrypto2.py    207  0.00s             1           0  0.20s           2025-01-12T17:53:02
================================================================================
[2025-01-12T17:54:03.024+0000] {manager.py:828} INFO - 
================================================================================
DAG File Processing Stats

File Path                              PID  Runtime      # DAGs    # Errors  Last Runtime    Last Run
-----------------------------------  -----  ---------  --------  ----------  --------------  -------------------
/opt/airflow/dags/extract2.py          237  0.03s             0           0  0.52s           2025-01-12T17:53:32
/opt/airflow/dags/AirflowCrypto2.py    239  0.01s             1           0  0.48s           2025-01-12T17:53:32
================================================================================
[2025-01-12T17:54:33.423+0000] {manager.py:828} INFO - 
================================================================================
DAG File Processing Stats

File Path                              PID  Runtime      # DAGs    # Errors  Last Runtime    Last Run
-----------------------------------  -----  ---------  --------  ----------  --------------  -------------------
/opt/airflow/dags/extract2.py          247  0.04s             0           0  0.14s           2025-01-12T17:54:03
/opt/airflow/dags/AirflowCrypto2.py    250  0.01s             1           0  0.12s           2025-01-12T17:54:03
================================================================================
[2025-01-12T17:55:03.863+0000] {manager.py:828} INFO - 
================================================================================
DAG File Processing Stats

File Path                              PID  Runtime      # DAGs    # Errors  Last Runtime    Last Run
-----------------------------------  -----  ---------  --------  ----------  --------------  -------------------
/opt/airflow/dags/extract2.py          301  0.04s             0           0  0.19s           2025-01-12T17:54:33
/opt/airflow/dags/AirflowCrypto2.py    304  0.02s             1           0  0.15s           2025-01-12T17:54:33
================================================================================
[2025-01-12T17:55:34.351+0000] {manager.py:828} INFO - 
================================================================================
DAG File Processing Stats

File Path                              PID  Runtime      # DAGs    # Errors  Last Runtime    Last Run
-----------------------------------  -----  ---------  --------  ----------  --------------  -------------------
/opt/airflow/dags/extract2.py          311  0.06s             0           0  0.20s           2025-01-12T17:55:04
/opt/airflow/dags/AirflowCrypto2.py    312  0.01s             1           0  0.21s           2025-01-12T17:55:04
================================================================================
[2025-01-12T17:56:04.780+0000] {manager.py:828} INFO - 
================================================================================
DAG File Processing Stats

File Path                              PID  Runtime      # DAGs    # Errors  Last Runtime    Last Run
-----------------------------------  -----  ---------  --------  ----------  --------------  -------------------
/opt/airflow/dags/extract2.py          321  0.03s             0           0  0.20s           2025-01-12T17:55:34
/opt/airflow/dags/AirflowCrypto2.py    323  0.01s             1           0  0.15s           2025-01-12T17:55:34
================================================================================
[2025-01-12T17:56:35.183+0000] {manager.py:828} INFO - 
================================================================================
DAG File Processing Stats

File Path                              PID  Runtime      # DAGs    # Errors  Last Runtime    Last Run
-----------------------------------  -----  ---------  --------  ----------  --------------  -------------------
/opt/airflow/dags/extract2.py          331  0.02s             0           0  0.17s           2025-01-12T17:56:04
/opt/airflow/dags/AirflowCrypto2.py    332  0.00s             1           0  0.15s           2025-01-12T17:56:04
================================================================================
[2025-01-12T17:57:05.575+0000] {manager.py:828} INFO - 
================================================================================
DAG File Processing Stats

File Path                              PID  Runtime      # DAGs    # Errors  Last Runtime    Last Run
-----------------------------------  -----  ---------  --------  ----------  --------------  -------------------
/opt/airflow/dags/extract2.py          341  0.05s             0           0  0.16s           2025-01-12T17:56:35
/opt/airflow/dags/AirflowCrypto2.py    342  0.02s             1           0  0.15s           2025-01-12T17:56:35
================================================================================
[2025-01-12T17:57:35.912+0000] {manager.py:828} INFO - 
================================================================================
DAG File Processing Stats

File Path                              PID  Runtime      # DAGs    # Errors  Last Runtime    Last Run
-----------------------------------  -----  ---------  --------  ----------  --------------  -------------------
/opt/airflow/dags/extract2.py          351  0.06s             0           0  0.26s           2025-01-12T17:57:05
/opt/airflow/dags/AirflowCrypto2.py    353  0.01s             1           0  0.23s           2025-01-12T17:57:05
================================================================================
[2025-01-12T17:58:02.197+0000] {manager.py:709} INFO - Searching for files in /opt/airflow/dags
[2025-01-12T17:58:02.215+0000] {manager.py:712} INFO - There are 2 files in /opt/airflow/dags
[2025-01-12T17:58:06.360+0000] {manager.py:828} INFO - 
================================================================================
DAG File Processing Stats

File Path                              PID  Runtime      # DAGs    # Errors  Last Runtime    Last Run
-----------------------------------  -----  ---------  --------  ----------  --------------  -------------------
/opt/airflow/dags/extract2.py          361  0.06s             0           0  0.22s           2025-01-12T17:57:36
/opt/airflow/dags/AirflowCrypto2.py    362  0.01s             1           0  0.17s           2025-01-12T17:57:36
================================================================================
[2025-01-12T17:58:36.793+0000] {manager.py:828} INFO - 
================================================================================
DAG File Processing Stats

File Path                              PID  Runtime      # DAGs    # Errors  Last Runtime    Last Run
-----------------------------------  -----  ---------  --------  ----------  --------------  -------------------
/opt/airflow/dags/extract2.py          393  0.02s             0           0  0.21s           2025-01-12T17:58:06
/opt/airflow/dags/AirflowCrypto2.py    395  0.01s             1           0  0.15s           2025-01-12T17:58:06
================================================================================
[2025-01-12T17:59:07.234+0000] {manager.py:828} INFO - 
================================================================================
DAG File Processing Stats

File Path                              PID  Runtime      # DAGs    # Errors  Last Runtime    Last Run
-----------------------------------  -----  ---------  --------  ----------  --------------  -------------------
/opt/airflow/dags/extract2.py          403  0.05s             0           0  0.13s           2025-01-12T17:58:36
/opt/airflow/dags/AirflowCrypto2.py    404  0.00s             1           0  0.11s           2025-01-12T17:58:36
================================================================================
[2025-01-12T17:59:37.705+0000] {manager.py:828} INFO - 
================================================================================
DAG File Processing Stats

File Path                              PID  Runtime      # DAGs    # Errors  Last Runtime    Last Run
-----------------------------------  -----  ---------  --------  ----------  --------------  -------------------
/opt/airflow/dags/extract2.py          413  0.06s             0           0  0.20s           2025-01-12T17:59:07
/opt/airflow/dags/AirflowCrypto2.py    414  0.02s             1           0  0.15s           2025-01-12T17:59:07
================================================================================
[2025-01-12T18:00:08.099+0000] {manager.py:828} INFO - 
================================================================================
DAG File Processing Stats

File Path                              PID  Runtime      # DAGs    # Errors  Last Runtime    Last Run
-----------------------------------  -----  ---------  --------  ----------  --------------  -------------------
/opt/airflow/dags/extract2.py          467  0.03s             0           0  0.21s           2025-01-12T17:59:37
/opt/airflow/dags/AirflowCrypto2.py    468  0.01s             1           0  0.18s           2025-01-12T17:59:37
================================================================================
[2025-01-12T18:00:38.543+0000] {manager.py:828} INFO - 
================================================================================
DAG File Processing Stats

File Path                              PID  Runtime      # DAGs    # Errors  Last Runtime    Last Run
-----------------------------------  -----  ---------  --------  ----------  --------------  -------------------
/opt/airflow/dags/extract2.py          477  0.03s             0           0  0.17s           2025-01-12T18:00:08
/opt/airflow/dags/AirflowCrypto2.py    478  0.01s             1           0  0.15s           2025-01-12T18:00:08
================================================================================
[2025-01-12T18:01:09.028+0000] {manager.py:828} INFO - 
================================================================================
DAG File Processing Stats

File Path                              PID  Runtime      # DAGs    # Errors  Last Runtime    Last Run
-----------------------------------  -----  ---------  --------  ----------  --------------  -------------------
/opt/airflow/dags/extract2.py          487  0.02s             0           0  0.20s           2025-01-12T18:00:38
/opt/airflow/dags/AirflowCrypto2.py    488  0.00s             1           0  0.17s           2025-01-12T18:00:38
================================================================================
[2025-01-12T18:01:39.517+0000] {manager.py:828} INFO - 
================================================================================
DAG File Processing Stats

File Path                              PID  Runtime      # DAGs    # Errors  Last Runtime    Last Run
-----------------------------------  -----  ---------  --------  ----------  --------------  -------------------
/opt/airflow/dags/extract2.py          502  0.04s             0           0  0.17s           2025-01-12T18:01:09
/opt/airflow/dags/AirflowCrypto2.py                           0           1  0.16s           2025-01-12T18:01:35
================================================================================
[2025-01-12T18:02:08.839+0000] {manager.py:511} INFO - DAG coin_scrapper2 is missing and will be deactivated.
[2025-01-12T18:02:08.853+0000] {manager.py:521} INFO - Deactivated 1 DAGs which are no longer present in file.
[2025-01-12T18:02:09.881+0000] {manager.py:828} INFO - 
================================================================================
DAG File Processing Stats

File Path                              PID  Runtime      # DAGs    # Errors  Last Runtime    Last Run
-----------------------------------  -----  ---------  --------  ----------  --------------  -------------------
/opt/airflow/dags/extract2.py          512  0.02s             0           0  0.36s           2025-01-12T18:01:39
/opt/airflow/dags/AirflowCrypto2.py                           0           1  0.13s           2025-01-12T18:02:05
================================================================================
[2025-01-12T18:02:40.456+0000] {manager.py:828} INFO - 
================================================================================
DAG File Processing Stats

File Path                              PID  Runtime      # DAGs    # Errors  Last Runtime    Last Run
-----------------------------------  -----  ---------  --------  ----------  --------------  -------------------
/opt/airflow/dags/extract2.py          533  0.02s             0           0  0.15s           2025-01-12T18:02:10
/opt/airflow/dags/AirflowCrypto2.py                           1           0  0.16s           2025-01-12T18:02:13
================================================================================
[2025-01-12T18:03:02.811+0000] {manager.py:709} INFO - Searching for files in /opt/airflow/dags
[2025-01-12T18:03:02.831+0000] {manager.py:712} INFO - There are 2 files in /opt/airflow/dags
[2025-01-12T18:03:10.946+0000] {manager.py:828} INFO - 
================================================================================
DAG File Processing Stats

File Path                              PID  Runtime      # DAGs    # Errors  Last Runtime    Last Run
-----------------------------------  -----  ---------  --------  ----------  --------------  -------------------
/opt/airflow/dags/extract2.py          543  0.02s             0           0  0.20s           2025-01-12T18:02:40
/opt/airflow/dags/AirflowCrypto2.py                           1           0  0.15s           2025-01-12T18:02:43
================================================================================
[2025-01-12T18:03:41.316+0000] {manager.py:828} INFO - 
================================================================================
DAG File Processing Stats

File Path                              PID  Runtime      # DAGs    # Errors  Last Runtime    Last Run
-----------------------------------  -----  ---------  --------  ----------  --------------  -------------------
/opt/airflow/dags/extract2.py          553  0.01s             0           0  0.14s           2025-01-12T18:03:11
/opt/airflow/dags/AirflowCrypto2.py                           1           0  0.15s           2025-01-12T18:03:14
================================================================================
[2025-01-12T18:04:11.586+0000] {manager.py:828} INFO - 
================================================================================
DAG File Processing Stats

File Path                              PID  Runtime      # DAGs    # Errors  Last Runtime    Last Run
-----------------------------------  -----  ---------  --------  ----------  --------------  -------------------
/opt/airflow/dags/extract2.py          563  0.01s             0           0  0.17s           2025-01-12T18:03:41
/opt/airflow/dags/AirflowCrypto2.py                           1           0  0.12s           2025-01-12T18:03:44
================================================================================
[2025-01-12T18:04:41.957+0000] {manager.py:828} INFO - 
================================================================================
DAG File Processing Stats

File Path                              PID  Runtime      # DAGs    # Errors  Last Runtime    Last Run
-----------------------------------  -----  ---------  --------  ----------  --------------  -------------------
/opt/airflow/dags/extract2.py          573  0.04s             0           0  0.12s           2025-01-12T18:04:11
/opt/airflow/dags/AirflowCrypto2.py                           1           0  0.17s           2025-01-12T18:04:14
================================================================================
[2025-01-12T18:05:12.385+0000] {manager.py:828} INFO - 
================================================================================
DAG File Processing Stats

File Path                              PID  Runtime      # DAGs    # Errors  Last Runtime    Last Run
-----------------------------------  -----  ---------  --------  ----------  --------------  -------------------
/opt/airflow/dags/extract2.py          589  0.02s             0           0  0.18s           2025-01-12T18:04:42
/opt/airflow/dags/AirflowCrypto2.py                           1           0  0.16s           2025-01-12T18:04:45
================================================================================
[2025-01-12T18:05:42.779+0000] {manager.py:828} INFO - 
================================================================================
DAG File Processing Stats

File Path                              PID  Runtime      # DAGs    # Errors  Last Runtime    Last Run
-----------------------------------  -----  ---------  --------  ----------  --------------  -------------------
/opt/airflow/dags/extract2.py          599  0.02s             0           0  0.15s           2025-01-12T18:05:12
/opt/airflow/dags/AirflowCrypto2.py                           1           0  0.11s           2025-01-12T18:05:15
================================================================================
[2025-01-12T18:06:13.219+0000] {manager.py:828} INFO - 
================================================================================
DAG File Processing Stats

File Path                              PID  Runtime      # DAGs    # Errors  Last Runtime    Last Run
-----------------------------------  -----  ---------  --------  ----------  --------------  -------------------
/opt/airflow/dags/extract2.py          609  0.02s             0           0  0.16s           2025-01-12T18:05:42
/opt/airflow/dags/AirflowCrypto2.py                           1           0  0.09s           2025-01-12T18:05:45
================================================================================
[2025-01-12T18:06:43.820+0000] {manager.py:828} INFO - 
================================================================================
DAG File Processing Stats

File Path                              PID  Runtime      # DAGs    # Errors  Last Runtime    Last Run
-----------------------------------  -----  ---------  --------  ----------  --------------  -------------------
/opt/airflow/dags/extract2.py          619  0.06s             0           0  0.19s           2025-01-12T18:06:13
/opt/airflow/dags/AirflowCrypto2.py                           1           0  0.41s           2025-01-12T18:06:16
================================================================================
[2025-01-12T18:07:14.163+0000] {manager.py:828} INFO - 
================================================================================
DAG File Processing Stats

File Path                              PID  Runtime      # DAGs    # Errors  Last Runtime    Last Run
-----------------------------------  -----  ---------  --------  ----------  --------------  -------------------
/opt/airflow/dags/extract2.py          629  0.03s             0           0  0.31s           2025-01-12T18:06:44
/opt/airflow/dags/AirflowCrypto2.py                           1           0  0.18s           2025-01-12T18:06:47
================================================================================
[2025-01-12T18:07:44.546+0000] {manager.py:828} INFO - 
================================================================================
DAG File Processing Stats

File Path                              PID  Runtime      # DAGs    # Errors  Last Runtime    Last Run
-----------------------------------  -----  ---------  --------  ----------  --------------  -------------------
/opt/airflow/dags/extract2.py          639  0.02s             0           0  0.16s           2025-01-12T18:07:14
/opt/airflow/dags/AirflowCrypto2.py                           1           0  0.17s           2025-01-12T18:07:17
================================================================================
[2025-01-12T18:08:03.748+0000] {manager.py:709} INFO - Searching for files in /opt/airflow/dags
[2025-01-12T18:08:03.771+0000] {manager.py:712} INFO - There are 2 files in /opt/airflow/dags
[2025-01-12T18:08:14.912+0000] {manager.py:828} INFO - 
================================================================================
DAG File Processing Stats

File Path                              PID  Runtime      # DAGs    # Errors  Last Runtime    Last Run
-----------------------------------  -----  ---------  --------  ----------  --------------  -------------------
/opt/airflow/dags/extract2.py          649  0.02s             0           0  0.17s           2025-01-12T18:07:44
/opt/airflow/dags/AirflowCrypto2.py                           1           0  0.10s           2025-01-12T18:07:47
================================================================================
[2025-01-12T18:08:45.243+0000] {manager.py:828} INFO - 
================================================================================
DAG File Processing Stats

File Path                              PID  Runtime      # DAGs    # Errors  Last Runtime    Last Run
-----------------------------------  -----  ---------  --------  ----------  --------------  -------------------
/opt/airflow/dags/extract2.py          659  0.02s             0           0  0.14s           2025-01-12T18:08:15
/opt/airflow/dags/AirflowCrypto2.py                           1           0  0.08s           2025-01-12T18:08:18
================================================================================
[2025-01-12T18:09:15.503+0000] {manager.py:828} INFO - 
================================================================================
DAG File Processing Stats

File Path                              PID  Runtime      # DAGs    # Errors  Last Runtime    Last Run
-----------------------------------  -----  ---------  --------  ----------  --------------  -------------------
/opt/airflow/dags/extract2.py          669  0.01s             0           0  0.17s           2025-01-12T18:08:45
/opt/airflow/dags/AirflowCrypto2.py                           1           0  0.11s           2025-01-12T18:08:48
================================================================================
[2025-01-12T18:09:45.853+0000] {manager.py:828} INFO - 
================================================================================
DAG File Processing Stats

File Path                              PID  Runtime      # DAGs    # Errors  Last Runtime    Last Run
-----------------------------------  -----  ---------  --------  ----------  --------------  -------------------
/opt/airflow/dags/extract2.py          679  0.02s             0           0  0.12s           2025-01-12T18:09:15
/opt/airflow/dags/AirflowCrypto2.py                           1           0  0.22s           2025-01-12T18:09:18
================================================================================
[2025-01-12T18:10:16.375+0000] {manager.py:828} INFO - 
================================================================================
DAG File Processing Stats

File Path                              PID  Runtime      # DAGs    # Errors  Last Runtime    Last Run
-----------------------------------  -----  ---------  --------  ----------  --------------  -------------------
/opt/airflow/dags/extract2.py          700  0.04s             0           0  0.13s           2025-01-12T18:09:45
/opt/airflow/dags/AirflowCrypto2.py                           1           0  0.16s           2025-01-12T18:10:03
================================================================================
[2025-01-12T18:10:46.708+0000] {manager.py:828} INFO - 
================================================================================
DAG File Processing Stats

File Path                              PID  Runtime      # DAGs    # Errors  Last Runtime    Last Run
-----------------------------------  -----  ---------  --------  ----------  --------------  -------------------
/opt/airflow/dags/extract2.py          735  0.02s             0           0  0.17s           2025-01-12T18:10:16
/opt/airflow/dags/AirflowCrypto2.py                           1           0  0.17s           2025-01-12T18:10:33
================================================================================
[2025-01-12T18:11:17.112+0000] {manager.py:828} INFO - 
================================================================================
DAG File Processing Stats

File Path                              PID  Runtime      # DAGs    # Errors  Last Runtime    Last Run
-----------------------------------  -----  ---------  --------  ----------  --------------  -------------------
/opt/airflow/dags/extract2.py          745  0.01s             0           0  0.22s           2025-01-12T18:10:46
/opt/airflow/dags/AirflowCrypto2.py                           1           0  0.16s           2025-01-12T18:11:04
================================================================================
[2025-01-12T18:11:47.522+0000] {manager.py:828} INFO - 
================================================================================
DAG File Processing Stats

File Path                              PID  Runtime      # DAGs    # Errors  Last Runtime    Last Run
-----------------------------------  -----  ---------  --------  ----------  --------------  -------------------
/opt/airflow/dags/extract2.py          755  0.02s             0           0  0.18s           2025-01-12T18:11:17
/opt/airflow/dags/AirflowCrypto2.py                           1           0  0.21s           2025-01-12T18:11:34
================================================================================
[2025-01-12T18:12:17.870+0000] {manager.py:828} INFO - 
================================================================================
DAG File Processing Stats

File Path                              PID  Runtime      # DAGs    # Errors  Last Runtime    Last Run
-----------------------------------  -----  ---------  --------  ----------  --------------  -------------------
/opt/airflow/dags/extract2.py          765  0.01s             0           0  0.17s           2025-01-12T18:11:47
/opt/airflow/dags/AirflowCrypto2.py                           1           0  0.19s           2025-01-12T18:12:04
================================================================================
[2025-01-12T18:12:48.252+0000] {manager.py:828} INFO - 
================================================================================
DAG File Processing Stats

File Path                              PID  Runtime      # DAGs    # Errors  Last Runtime    Last Run
-----------------------------------  -----  ---------  --------  ----------  --------------  -------------------
/opt/airflow/dags/extract2.py          775  0.05s             0           0  0.14s           2025-01-12T18:12:17
/opt/airflow/dags/AirflowCrypto2.py                           1           0  0.18s           2025-01-12T18:12:35
================================================================================
[2025-01-12T18:13:04.373+0000] {manager.py:709} INFO - Searching for files in /opt/airflow/dags
[2025-01-12T18:13:04.392+0000] {manager.py:712} INFO - There are 2 files in /opt/airflow/dags
[2025-01-12T18:13:18.569+0000] {manager.py:828} INFO - 
================================================================================
DAG File Processing Stats

File Path                              PID  Runtime      # DAGs    # Errors  Last Runtime    Last Run
-----------------------------------  -----  ---------  --------  ----------  --------------  -------------------
/opt/airflow/dags/extract2.py          785  0.02s             0           0  0.19s           2025-01-12T18:12:48
/opt/airflow/dags/AirflowCrypto2.py                           1           0  0.12s           2025-01-12T18:13:05
================================================================================
[2025-01-12T18:13:48.885+0000] {manager.py:828} INFO - 
================================================================================
DAG File Processing Stats

File Path                              PID  Runtime      # DAGs    # Errors  Last Runtime    Last Run
-----------------------------------  -----  ---------  --------  ----------  --------------  -------------------
/opt/airflow/dags/extract2.py          795  0.02s             0           0  0.14s           2025-01-12T18:13:18
/opt/airflow/dags/AirflowCrypto2.py                           1           0  0.16s           2025-01-12T18:13:35
================================================================================
[2025-01-12T18:14:19.249+0000] {manager.py:828} INFO - 
================================================================================
DAG File Processing Stats

File Path                              PID  Runtime      # DAGs    # Errors  Last Runtime    Last Run
-----------------------------------  -----  ---------  --------  ----------  --------------  -------------------
/opt/airflow/dags/extract2.py          805  0.02s             0           0  0.15s           2025-01-12T18:13:49
/opt/airflow/dags/AirflowCrypto2.py                           1           0  0.17s           2025-01-12T18:14:06
================================================================================
[2025-01-12T18:14:49.644+0000] {manager.py:828} INFO - 
================================================================================
DAG File Processing Stats

File Path                              PID  Runtime      # DAGs    # Errors  Last Runtime    Last Run
-----------------------------------  -----  ---------  --------  ----------  --------------  -------------------
/opt/airflow/dags/extract2.py          815  0.02s             0           0  0.14s           2025-01-12T18:14:19
/opt/airflow/dags/AirflowCrypto2.py                           1           0  0.18s           2025-01-12T18:14:36
================================================================================
[2025-01-12T18:15:20.062+0000] {manager.py:828} INFO - 
================================================================================
DAG File Processing Stats

File Path                              PID  Runtime      # DAGs    # Errors  Last Runtime    Last Run
-----------------------------------  -----  ---------  --------  ----------  --------------  -------------------
/opt/airflow/dags/extract2.py          850  0.02s             0           0  0.16s           2025-01-12T18:14:49
/opt/airflow/dags/AirflowCrypto2.py                           1           0  0.17s           2025-01-12T18:15:07
================================================================================
[2025-01-12T18:15:50.424+0000] {manager.py:828} INFO - 
================================================================================
DAG File Processing Stats

File Path                              PID  Runtime      # DAGs    # Errors  Last Runtime    Last Run
-----------------------------------  -----  ---------  --------  ----------  --------------  -------------------
/opt/airflow/dags/extract2.py          882  0.02s             0           0  0.17s           2025-01-12T18:15:20
/opt/airflow/dags/AirflowCrypto2.py                           1           0  0.27s           2025-01-12T18:15:37
================================================================================
[2025-01-12T18:16:20.785+0000] {manager.py:828} INFO - 
================================================================================
DAG File Processing Stats

File Path                              PID  Runtime      # DAGs    # Errors  Last Runtime    Last Run
-----------------------------------  -----  ---------  --------  ----------  --------------  -------------------
/opt/airflow/dags/extract2.py          892  0.02s             0           0  0.16s           2025-01-12T18:15:50
/opt/airflow/dags/AirflowCrypto2.py                           1           0  0.15s           2025-01-12T18:16:07
================================================================================
[2025-01-12T18:16:51.109+0000] {manager.py:828} INFO - 
================================================================================
DAG File Processing Stats

File Path                              PID  Runtime      # DAGs    # Errors  Last Runtime    Last Run
-----------------------------------  -----  ---------  --------  ----------  --------------  -------------------
/opt/airflow/dags/extract2.py          902  0.02s             0           0  0.14s           2025-01-12T18:16:20
/opt/airflow/dags/AirflowCrypto2.py                           1           0  0.17s           2025-01-12T18:16:38
================================================================================
[2025-01-12T18:17:21.488+0000] {manager.py:828} INFO - 
================================================================================
DAG File Processing Stats

File Path                              PID  Runtime      # DAGs    # Errors  Last Runtime    Last Run
-----------------------------------  -----  ---------  --------  ----------  --------------  -------------------
/opt/airflow/dags/extract2.py          912  0.02s             0           0  0.17s           2025-01-12T18:16:51
/opt/airflow/dags/AirflowCrypto2.py                           1           0  0.15s           2025-01-12T18:17:08
================================================================================
[2025-01-12T18:17:51.986+0000] {manager.py:828} INFO - 
================================================================================
DAG File Processing Stats

File Path                              PID  Runtime      # DAGs    # Errors  Last Runtime    Last Run
-----------------------------------  -----  ---------  --------  ----------  --------------  -------------------
/opt/airflow/dags/extract2.py          922  0.01s             0           0  0.16s           2025-01-12T18:17:21
/opt/airflow/dags/AirflowCrypto2.py                           1           0  0.23s           2025-01-12T18:17:38
================================================================================
[2025-01-12T18:18:05.164+0000] {manager.py:709} INFO - Searching for files in /opt/airflow/dags
[2025-01-12T18:18:05.189+0000] {manager.py:712} INFO - There are 2 files in /opt/airflow/dags
[2025-01-12T18:18:22.391+0000] {manager.py:828} INFO - 
================================================================================
DAG File Processing Stats

File Path                              PID  Runtime      # DAGs    # Errors  Last Runtime    Last Run
-----------------------------------  -----  ---------  --------  ----------  --------------  -------------------
/opt/airflow/dags/extract2.py          932  0.01s             0           0  0.15s           2025-01-12T18:17:52
/opt/airflow/dags/AirflowCrypto2.py                           1           0  0.13s           2025-01-12T18:18:09
================================================================================
[2025-01-12T18:18:24.427+0000] {manager.py:462} INFO - Exiting gracefully upon receiving signal 15
[2025-01-12T18:19:41.356+0000] {manager.py:480} INFO - Processing files using up to 2 processes at a time 
[2025-01-12T18:19:41.359+0000] {manager.py:481} INFO - Process each file at most once every 30 seconds
[2025-01-12T18:19:41.359+0000] {manager.py:483} INFO - Checking for new files in /opt/airflow/dags every 300 seconds
[2025-01-12T18:19:41.359+0000] {manager.py:709} INFO - Searching for files in /opt/airflow/dags
[2025-01-12T18:19:41.389+0000] {manager.py:712} INFO - There are 2 files in /opt/airflow/dags
[2025-01-12T18:19:41.471+0000] {manager.py:828} INFO - 
================================================================================
DAG File Processing Stats

File Path                              PID  Runtime      # DAGs    # Errors  Last Runtime    Last Run
-----------------------------------  -----  ---------  --------  ----------  --------------  ----------
/opt/airflow/dags/extract2.py          197  0.02s             0           0
/opt/airflow/dags/AirflowCrypto2.py    194  0.03s             0           0
================================================================================
[2025-01-12T18:20:11.839+0000] {manager.py:828} INFO - 
================================================================================
DAG File Processing Stats

File Path                              PID  Runtime      # DAGs    # Errors  Last Runtime    Last Run
-----------------------------------  -----  ---------  --------  ----------  --------------  -------------------
/opt/airflow/dags/extract2.py          253  0.01s             0           0  0.17s           2025-01-12T18:19:41
/opt/airflow/dags/AirflowCrypto2.py    252  0.02s             1           0  0.15s           2025-01-12T18:19:41
================================================================================
[2025-01-12T18:20:42.242+0000] {manager.py:828} INFO - 
================================================================================
DAG File Processing Stats

File Path                              PID  Runtime      # DAGs    # Errors  Last Runtime    Last Run
-----------------------------------  -----  ---------  --------  ----------  --------------  -------------------
/opt/airflow/dags/extract2.py          264  0.01s             0           0  0.13s           2025-01-12T18:20:11
/opt/airflow/dags/AirflowCrypto2.py    262  0.03s             1           0  0.15s           2025-01-12T18:20:11
================================================================================
[2025-01-12T18:21:12.596+0000] {manager.py:828} INFO - 
================================================================================
DAG File Processing Stats

File Path                              PID  Runtime      # DAGs    # Errors  Last Runtime    Last Run
-----------------------------------  -----  ---------  --------  ----------  --------------  -------------------
/opt/airflow/dags/extract2.py          299  0.01s             0           0  0.13s           2025-01-12T18:20:42
/opt/airflow/dags/AirflowCrypto2.py    297  0.02s             1           0  0.15s           2025-01-12T18:20:42
================================================================================
[2025-01-12T18:21:42.878+0000] {manager.py:828} INFO - 
================================================================================
DAG File Processing Stats

File Path                              PID  Runtime      # DAGs    # Errors  Last Runtime    Last Run
-----------------------------------  -----  ---------  --------  ----------  --------------  -------------------
/opt/airflow/dags/extract2.py          309  0.01s             0           0  0.14s           2025-01-12T18:21:12
/opt/airflow/dags/AirflowCrypto2.py    307  0.03s             1           0  0.15s           2025-01-12T18:21:12
================================================================================
[2025-01-12T18:22:13.280+0000] {manager.py:828} INFO - 
================================================================================
DAG File Processing Stats

File Path                              PID  Runtime      # DAGs    # Errors  Last Runtime    Last Run
-----------------------------------  -----  ---------  --------  ----------  --------------  -------------------
/opt/airflow/dags/extract2.py          320  0.01s             0           0  0.14s           2025-01-12T18:21:42
/opt/airflow/dags/AirflowCrypto2.py    317  0.03s             1           0  0.15s           2025-01-12T18:21:42
================================================================================
[2025-01-12T18:22:43.613+0000] {manager.py:828} INFO - 
================================================================================
DAG File Processing Stats

File Path                              PID  Runtime      # DAGs    # Errors  Last Runtime    Last Run
-----------------------------------  -----  ---------  --------  ----------  --------------  -------------------
/opt/airflow/dags/extract2.py          328  0.01s             0           0  0.14s           2025-01-12T18:22:13
/opt/airflow/dags/AirflowCrypto2.py    327  0.02s             1           0  0.15s           2025-01-12T18:22:13
================================================================================
[2025-01-12T18:23:14.023+0000] {manager.py:828} INFO - 
================================================================================
DAG File Processing Stats

File Path                              PID  Runtime      # DAGs    # Errors  Last Runtime    Last Run
-----------------------------------  -----  ---------  --------  ----------  --------------  -------------------
/opt/airflow/dags/extract2.py          339  0.01s             0           0  0.15s           2025-01-12T18:22:43
/opt/airflow/dags/AirflowCrypto2.py    337  0.03s             1           0  0.17s           2025-01-12T18:22:43
================================================================================
[2025-01-12T18:23:44.495+0000] {manager.py:828} INFO - 
================================================================================
DAG File Processing Stats

File Path                              PID  Runtime      # DAGs    # Errors  Last Runtime    Last Run
-----------------------------------  -----  ---------  --------  ----------  --------------  -------------------
/opt/airflow/dags/extract2.py          349  0.02s             0           0  0.16s           2025-01-12T18:23:14
/opt/airflow/dags/AirflowCrypto2.py    347  0.03s             1           0  0.18s           2025-01-12T18:23:14
================================================================================
[2025-01-12T18:24:14.735+0000] {manager.py:828} INFO - 
================================================================================
DAG File Processing Stats

File Path                              PID  Runtime      # DAGs    # Errors  Last Runtime    Last Run
-----------------------------------  -----  ---------  --------  ----------  --------------  -------------------
/opt/airflow/dags/extract2.py          358  0.01s             0           0  0.15s           2025-01-12T18:23:44
/opt/airflow/dags/AirflowCrypto2.py    357  0.02s             1           0  0.17s           2025-01-12T18:23:44
================================================================================
[2025-01-12T18:24:42.020+0000] {manager.py:709} INFO - Searching for files in /opt/airflow/dags
[2025-01-12T18:24:42.049+0000] {manager.py:712} INFO - There are 2 files in /opt/airflow/dags
[2025-01-12T18:24:45.134+0000] {manager.py:828} INFO - 
================================================================================
DAG File Processing Stats

File Path                              PID  Runtime      # DAGs    # Errors  Last Runtime    Last Run
-----------------------------------  -----  ---------  --------  ----------  --------------  -------------------
/opt/airflow/dags/extract2.py          369  0.01s             0           0  0.15s           2025-01-12T18:24:14
/opt/airflow/dags/AirflowCrypto2.py    367  0.03s             1           0  0.17s           2025-01-12T18:24:14
================================================================================
[2025-01-12T18:25:15.407+0000] {manager.py:828} INFO - 
================================================================================
DAG File Processing Stats

File Path                              PID  Runtime      # DAGs    # Errors  Last Runtime    Last Run
-----------------------------------  -----  ---------  --------  ----------  --------------  -------------------
/opt/airflow/dags/extract2.py          426  0.01s             0           0  0.15s           2025-01-12T18:24:45
/opt/airflow/dags/AirflowCrypto2.py    424  0.05s             1           0  0.18s           2025-01-12T18:24:45
================================================================================
[2025-01-12T18:25:45.807+0000] {manager.py:828} INFO - 
================================================================================
DAG File Processing Stats

File Path                              PID  Runtime      # DAGs    # Errors  Last Runtime    Last Run
-----------------------------------  -----  ---------  --------  ----------  --------------  -------------------
/opt/airflow/dags/extract2.py          436  0.01s             0           0  0.14s           2025-01-12T18:25:15
/opt/airflow/dags/AirflowCrypto2.py    434  0.02s             1           0  0.17s           2025-01-12T18:25:15
================================================================================
[2025-01-12T18:26:16.225+0000] {manager.py:828} INFO - 
================================================================================
DAG File Processing Stats

File Path                              PID  Runtime      # DAGs    # Errors  Last Runtime    Last Run
-----------------------------------  -----  ---------  --------  ----------  --------------  -------------------
/opt/airflow/dags/extract2.py          468  0.01s             0           0  0.14s           2025-01-12T18:25:45
/opt/airflow/dags/AirflowCrypto2.py    466  0.04s             1           0  0.16s           2025-01-12T18:25:45
================================================================================
[2025-01-12T18:26:46.537+0000] {manager.py:828} INFO - 
================================================================================
DAG File Processing Stats

File Path                              PID  Runtime      # DAGs    # Errors  Last Runtime    Last Run
-----------------------------------  -----  ---------  --------  ----------  --------------  -------------------
/opt/airflow/dags/extract2.py          477  0.01s             0           0  0.14s           2025-01-12T18:26:16
/opt/airflow/dags/AirflowCrypto2.py    476  0.04s             1           0  0.16s           2025-01-12T18:26:16
================================================================================
[2025-01-12T18:27:16.979+0000] {manager.py:828} INFO - 
================================================================================
DAG File Processing Stats

File Path                              PID  Runtime      # DAGs    # Errors  Last Runtime    Last Run
-----------------------------------  -----  ---------  --------  ----------  --------------  -------------------
/opt/airflow/dags/extract2.py          488  0.01s             0           0  0.13s           2025-01-12T18:26:46
/opt/airflow/dags/AirflowCrypto2.py    486  0.03s             1           0  0.15s           2025-01-12T18:26:46
================================================================================
[2025-01-12T18:27:47.495+0000] {manager.py:828} INFO - 
================================================================================
DAG File Processing Stats

File Path                              PID  Runtime      # DAGs    # Errors  Last Runtime    Last Run
-----------------------------------  -----  ---------  --------  ----------  --------------  -------------------
/opt/airflow/dags/extract2.py          497  0.01s             0           0  0.18s           2025-01-12T18:27:17
/opt/airflow/dags/AirflowCrypto2.py    496  0.03s             1           0  0.19s           2025-01-12T18:27:17
================================================================================
[2025-01-12T18:28:17.894+0000] {manager.py:828} INFO - 
================================================================================
DAG File Processing Stats

File Path                              PID  Runtime      # DAGs    # Errors  Last Runtime    Last Run
-----------------------------------  -----  ---------  --------  ----------  --------------  -------------------
/opt/airflow/dags/extract2.py          507  0.01s             0           0  0.15s           2025-01-12T18:27:47
/opt/airflow/dags/AirflowCrypto2.py    506  0.02s             1           0  0.17s           2025-01-12T18:27:47
================================================================================
[2025-01-12T18:28:48.201+0000] {manager.py:828} INFO - 
================================================================================
DAG File Processing Stats

File Path                              PID  Runtime      # DAGs    # Errors  Last Runtime    Last Run
-----------------------------------  -----  ---------  --------  ----------  --------------  -------------------
/opt/airflow/dags/extract2.py          517  0.01s             0           0  0.14s           2025-01-12T18:28:18
/opt/airflow/dags/AirflowCrypto2.py    516  0.05s             1           0  0.16s           2025-01-12T18:28:18
================================================================================
[2025-01-12T18:29:18.599+0000] {manager.py:828} INFO - 
================================================================================
DAG File Processing Stats

File Path                              PID  Runtime      # DAGs    # Errors  Last Runtime    Last Run
-----------------------------------  -----  ---------  --------  ----------  --------------  -------------------
/opt/airflow/dags/extract2.py          527  0.00s             0           0  0.15s           2025-01-12T18:28:48
/opt/airflow/dags/AirflowCrypto2.py    526  0.02s             1           0  0.20s           2025-01-12T18:28:48
================================================================================
[2025-01-12T18:29:42.793+0000] {manager.py:709} INFO - Searching for files in /opt/airflow/dags
[2025-01-12T18:29:42.817+0000] {manager.py:712} INFO - There are 2 files in /opt/airflow/dags
[2025-01-12T18:29:48.935+0000] {manager.py:828} INFO - 
================================================================================
DAG File Processing Stats

File Path                              PID  Runtime      # DAGs    # Errors  Last Runtime    Last Run
-----------------------------------  -----  ---------  --------  ----------  --------------  -------------------
/opt/airflow/dags/extract2.py          537  0.00s             0           0  0.15s           2025-01-12T18:29:18
/opt/airflow/dags/AirflowCrypto2.py    536  0.02s             1           0  0.17s           2025-01-12T18:29:18
================================================================================
[2025-01-12T18:30:19.428+0000] {manager.py:828} INFO - 
================================================================================
DAG File Processing Stats

File Path                              PID  Runtime      # DAGs    # Errors  Last Runtime    Last Run
-----------------------------------  -----  ---------  --------  ----------  --------------  -------------------
/opt/airflow/dags/extract2.py          598  0.06s             0           0  0.13s           2025-01-12T18:29:49
/opt/airflow/dags/AirflowCrypto2.py                           1           0  0.28s           2025-01-12T18:30:13
================================================================================
[2025-01-12T18:30:49.931+0000] {manager.py:828} INFO - 
================================================================================
DAG File Processing Stats

File Path                              PID  Runtime      # DAGs    # Errors  Last Runtime    Last Run
-----------------------------------  -----  ---------  --------  ----------  --------------  -------------------
/opt/airflow/dags/extract2.py          633  0.03s             0           0  0.35s           2025-01-12T18:30:19
/opt/airflow/dags/AirflowCrypto2.py                           1           0  0.16s           2025-01-12T18:30:34
================================================================================
[2025-01-12T18:31:20.326+0000] {manager.py:828} INFO - 
================================================================================
DAG File Processing Stats

File Path                              PID  Runtime      # DAGs    # Errors  Last Runtime    Last Run
-----------------------------------  -----  ---------  --------  ----------  --------------  -------------------
/opt/airflow/dags/extract2.py          643  0.02s             0           0  0.15s           2025-01-12T18:30:50
/opt/airflow/dags/AirflowCrypto2.py                           1           0  0.20s           2025-01-12T18:31:05
================================================================================
[2025-01-12T18:31:50.704+0000] {manager.py:828} INFO - 
================================================================================
DAG File Processing Stats

File Path                              PID  Runtime      # DAGs    # Errors  Last Runtime    Last Run
-----------------------------------  -----  ---------  --------  ----------  --------------  -------------------
/opt/airflow/dags/extract2.py          653  0.01s             0           0  0.16s           2025-01-12T18:31:20
/opt/airflow/dags/AirflowCrypto2.py                           1           0  0.13s           2025-01-12T18:31:35
================================================================================
[2025-01-12T18:32:21.039+0000] {manager.py:828} INFO - 
================================================================================
DAG File Processing Stats

File Path                              PID  Runtime      # DAGs    # Errors  Last Runtime    Last Run
-----------------------------------  -----  ---------  --------  ----------  --------------  -------------------
/opt/airflow/dags/extract2.py          663  0.01s             0           0  0.15s           2025-01-12T18:31:50
/opt/airflow/dags/AirflowCrypto2.py                           1           0  0.17s           2025-01-12T18:32:06
================================================================================
[2025-01-12T18:32:51.532+0000] {manager.py:828} INFO - 
================================================================================
DAG File Processing Stats

File Path                              PID  Runtime      # DAGs    # Errors  Last Runtime    Last Run
-----------------------------------  -----  ---------  --------  ----------  --------------  -------------------
/opt/airflow/dags/extract2.py          673  0.04s             0           0  0.16s           2025-01-12T18:32:21
/opt/airflow/dags/AirflowCrypto2.py                           1           0  0.21s           2025-01-12T18:32:36
================================================================================
[2025-01-12T18:33:21.919+0000] {manager.py:828} INFO - 
================================================================================
DAG File Processing Stats

File Path                              PID  Runtime      # DAGs    # Errors  Last Runtime    Last Run
-----------------------------------  -----  ---------  --------  ----------  --------------  -------------------
/opt/airflow/dags/extract2.py          683  0.02s             0           0  0.23s           2025-01-12T18:32:51
/opt/airflow/dags/AirflowCrypto2.py                           1           0  0.17s           2025-01-12T18:33:06
================================================================================
[2025-01-12T18:33:52.353+0000] {manager.py:828} INFO - 
================================================================================
DAG File Processing Stats

File Path                              PID  Runtime      # DAGs    # Errors  Last Runtime    Last Run
-----------------------------------  -----  ---------  --------  ----------  --------------  -------------------
/opt/airflow/dags/extract2.py          719  0.03s             0           0  0.18s           2025-01-12T18:33:22
/opt/airflow/dags/AirflowCrypto2.py                           1           0  0.22s           2025-01-12T18:33:29
================================================================================
[2025-01-12T18:34:22.893+0000] {manager.py:828} INFO - 
================================================================================
DAG File Processing Stats

File Path                              PID  Runtime      # DAGs    # Errors  Last Runtime    Last Run
-----------------------------------  -----  ---------  --------  ----------  --------------  -------------------
/opt/airflow/dags/extract2.py          734  0.07s             0           0  0.17s           2025-01-12T18:33:52
/opt/airflow/dags/AirflowCrypto2.py                           1           0  0.26s           2025-01-12T18:34:18
================================================================================
[2025-01-12T18:34:43.127+0000] {manager.py:709} INFO - Searching for files in /opt/airflow/dags
[2025-01-12T18:34:43.160+0000] {manager.py:712} INFO - There are 2 files in /opt/airflow/dags
[2025-01-12T18:34:53.573+0000] {manager.py:828} INFO - 
================================================================================
DAG File Processing Stats

File Path                              PID  Runtime      # DAGs    # Errors  Last Runtime    Last Run
-----------------------------------  -----  ---------  --------  ----------  --------------  -------------------
/opt/airflow/dags/extract2.py          899  0.02s             0           0  0.44s           2025-01-12T18:34:23
/opt/airflow/dags/AirflowCrypto2.py                           1           0  0.18s           2025-01-12T18:34:49
================================================================================
[2025-01-12T18:35:23.917+0000] {manager.py:828} INFO - 
================================================================================
DAG File Processing Stats

File Path                              PID  Runtime      # DAGs    # Errors  Last Runtime    Last Run
-----------------------------------  -----  ---------  --------  ----------  --------------  -------------------
/opt/airflow/dags/extract2.py         1064  0.02s             0           0  0.16s           2025-01-12T18:34:53
/opt/airflow/dags/AirflowCrypto2.py                           1           0  0.18s           2025-01-12T18:35:19
================================================================================
[2025-01-12T18:35:54.342+0000] {manager.py:828} INFO - 
================================================================================
DAG File Processing Stats

File Path                              PID  Runtime      # DAGs    # Errors  Last Runtime    Last Run
-----------------------------------  -----  ---------  --------  ----------  --------------  -------------------
/opt/airflow/dags/extract2.py         1074  0.08s             0           0  0.16s           2025-01-12T18:35:24
/opt/airflow/dags/AirflowCrypto2.py                           1           0  0.15s           2025-01-12T18:35:50
================================================================================
[2025-01-12T18:36:24.696+0000] {manager.py:828} INFO - 
================================================================================
DAG File Processing Stats

File Path                              PID  Runtime      # DAGs    # Errors  Last Runtime    Last Run
-----------------------------------  -----  ---------  --------  ----------  --------------  -------------------
/opt/airflow/dags/extract2.py         1084  0.02s             0           0  0.22s           2025-01-12T18:35:54
/opt/airflow/dags/AirflowCrypto2.py                           1           0  0.14s           2025-01-12T18:36:20
================================================================================
[2025-01-12T18:36:55.147+0000] {manager.py:828} INFO - 
================================================================================
DAG File Processing Stats

File Path                              PID  Runtime      # DAGs    # Errors  Last Runtime    Last Run
-----------------------------------  -----  ---------  --------  ----------  --------------  -------------------
/opt/airflow/dags/extract2.py         1094  0.02s             0           0  0.15s           2025-01-12T18:36:24
/opt/airflow/dags/AirflowCrypto2.py                           1           0  0.26s           2025-01-12T18:36:51
================================================================================
[2025-01-12T18:37:25.631+0000] {manager.py:828} INFO - 
================================================================================
DAG File Processing Stats

File Path                              PID  Runtime      # DAGs    # Errors  Last Runtime    Last Run
-----------------------------------  -----  ---------  --------  ----------  --------------  -------------------
/opt/airflow/dags/extract2.py         1104  0.05s             0           0  0.17s           2025-01-12T18:36:55
/opt/airflow/dags/AirflowCrypto2.py                           1           0  0.18s           2025-01-12T18:37:21
================================================================================
[2025-01-12T18:37:32.628+0000] {manager.py:462} INFO - Exiting gracefully upon receiving signal 15
