[2025-01-12T18:30:22.756+0000] {taskinstance.py:1171} INFO - Dependencies all met for <TaskInstance: coin_scrapper2.echo_java manual__2025-01-12T18:30:21.388098+00:00 [queued]>
[2025-01-12T18:30:22.764+0000] {taskinstance.py:1171} INFO - Dependencies all met for <TaskInstance: coin_scrapper2.echo_java manual__2025-01-12T18:30:21.388098+00:00 [queued]>
[2025-01-12T18:30:22.764+0000] {taskinstance.py:1368} INFO - 
--------------------------------------------------------------------------------
[2025-01-12T18:30:22.764+0000] {taskinstance.py:1369} INFO - Starting attempt 1 of 2
[2025-01-12T18:30:22.764+0000] {taskinstance.py:1370} INFO - 
--------------------------------------------------------------------------------
[2025-01-12T18:30:22.773+0000] {taskinstance.py:1389} INFO - Executing <Task(BashOperator): echo_java> on 2025-01-12 18:30:21.388098+00:00
[2025-01-12T18:30:22.778+0000] {standard_task_runner.py:52} INFO - Started process 604 to run task
[2025-01-12T18:30:22.788+0000] {standard_task_runner.py:79} INFO - Running: ['***', 'tasks', 'run', 'coin_scrapper2', 'echo_java', 'manual__2025-01-12T18:30:21.388098+00:00', '--job-id', '43', '--raw', '--subdir', 'DAGS_FOLDER/AirflowCrypto2.py', '--cfg-path', '/tmp/tmpgvtb1or7', '--error-file', '/tmp/tmpn4wvyhmz']
[2025-01-12T18:30:22.801+0000] {standard_task_runner.py:80} INFO - Job 43: Subtask echo_java
[2025-01-12T18:30:22.955+0000] {task_command.py:371} INFO - Running <TaskInstance: coin_scrapper2.echo_java manual__2025-01-12T18:30:21.388098+00:00 [running]> on host a71d0af9bc73
[2025-01-12T18:30:23.064+0000] {taskinstance.py:1583} INFO - Exporting the following env vars:
AIRFLOW_CTX_DAG_OWNER=terry
AIRFLOW_CTX_DAG_ID=coin_scrapper2
AIRFLOW_CTX_TASK_ID=echo_java
AIRFLOW_CTX_EXECUTION_DATE=2025-01-12T18:30:21.388098+00:00
AIRFLOW_CTX_TRY_NUMBER=1
AIRFLOW_CTX_DAG_RUN_ID=manual__2025-01-12T18:30:21.388098+00:00
[2025-01-12T18:30:23.066+0000] {subprocess.py:62} INFO - Tmp dir root location: 
 /tmp
[2025-01-12T18:30:23.068+0000] {subprocess.py:74} INFO - Running command: ['/bin/bash', '-c', 'whoami']
[2025-01-12T18:30:23.081+0000] {subprocess.py:85} INFO - Output:
[2025-01-12T18:30:23.101+0000] {subprocess.py:92} INFO - root
[2025-01-12T18:30:23.102+0000] {subprocess.py:96} INFO - Command exited with return code 0
[2025-01-12T18:30:23.166+0000] {taskinstance.py:1412} INFO - Marking task as SUCCESS. dag_id=coin_scrapper2, task_id=echo_java, execution_date=20250112T183021, start_date=20250112T183022, end_date=20250112T183023
[2025-01-12T18:30:23.220+0000] {local_task_job.py:156} INFO - Task exited with return code 0
[2025-01-12T18:30:23.281+0000] {local_task_job.py:279} INFO - 1 downstream tasks scheduled from follow-on schedule check
